2026-03-21 17:00:21,441 INFO o.a.j.u.JMeterUtils: Setting Locale to en_EN
2026-03-21 17:00:21,521 INFO o.a.j.JMeter: Loading user properties from: C:\Program Files\JMeter\apache-jmeter-5.6.3\bin\user.properties
2026-03-21 17:00:21,522 INFO o.a.j.JMeter: Loading system properties from: C:\Program Files\JMeter\apache-jmeter-5.6.3\bin\system.properties
2026-03-21 17:00:21,548 INFO o.a.j.JMeter: Copyright (c) 1998-2024 The Apache Software Foundation
2026-03-21 17:00:21,548 INFO o.a.j.JMeter: Version 5.6.3
2026-03-21 17:00:21,548 INFO o.a.j.JMeter: java.version=21.0.10
2026-03-21 17:00:21,548 INFO o.a.j.JMeter: java.vm.name=OpenJDK 64-Bit Server VM
2026-03-21 17:00:21,548 INFO o.a.j.JMeter: os.name=Windows 11
2026-03-21 17:00:21,548 INFO o.a.j.JMeter: os.arch=amd64
2026-03-21 17:00:21,548 INFO o.a.j.JMeter: os.version=10.0
2026-03-21 17:00:21,548 INFO o.a.j.JMeter: file.encoding=UTF-8
2026-03-21 17:00:21,548 INFO o.a.j.JMeter: java.awt.headless=null
2026-03-21 17:00:21,548 INFO o.a.j.JMeter: Max memory     =1073741824
2026-03-21 17:00:21,548 INFO o.a.j.JMeter: Available Processors =32
2026-03-21 17:00:21,571 INFO o.a.j.JMeter: Default Locale=English (EN)
2026-03-21 17:00:21,571 INFO o.a.j.JMeter: JMeter  Locale=English (EN)
2026-03-21 17:00:21,571 INFO o.a.j.JMeter: JMeterHome=C:\Program Files\JMeter\apache-jmeter-5.6.3
2026-03-21 17:00:21,571 INFO o.a.j.JMeter: user.dir  =C:\Users\he_an\Documents\qa-bootcamp-portfolio
2026-03-21 17:00:21,571 INFO o.a.j.JMeter: PWD       =C:\Users\he_an\Documents\qa-bootcamp-portfolio
2026-03-21 17:00:21,578 INFO o.a.j.JMeter: IP: 192.168.1.37 Name: Legion FullName: Legion
2026-03-21 17:00:21,611 INFO o.a.j.JMeter: Loaded icon properties from org/apache/jmeter/images/icon.properties
2026-03-21 17:00:21,964 INFO o.a.j.JMeterGuiLauncher: Setting LAF to: com.github.weisj.darklaf.DarkLaf:com.github.weisj.darklaf.theme.DarculaTheme
2026-03-21 17:04:01,666 INFO o.a.j.s.FileServer: Default base='C:\Users\he_an\Documents\qa-bootcamp-portfolio'
2026-03-21 17:04:01,669 INFO o.a.j.s.FileServer: Set new base='C:\Users\he_an\Documents\qa-bootcamp-portfolio\04-performance-jmeter'
2026-03-21 17:04:02,295 INFO o.a.j.s.SaveService: Testplan (JMX) version: 2.2. Testlog (JTL) version: 2.2
2026-03-21 17:04:02,337 INFO o.a.j.s.SaveService: Using SaveService properties version 5.0
2026-03-21 17:04:02,342 INFO o.a.j.s.SaveService: Using SaveService properties file encoding UTF-8
2026-03-21 17:04:15,417 INFO o.a.j.p.h.s.HTTPSamplerBase: Parser for text/html is org.apache.jmeter.protocol.http.parser.LagartoBasedHtmlParser
2026-03-21 17:04:15,417 INFO o.a.j.p.h.s.HTTPSamplerBase: Parser for application/xhtml+xml is org.apache.jmeter.protocol.http.parser.LagartoBasedHtmlParser
2026-03-21 17:04:15,417 INFO o.a.j.p.h.s.HTTPSamplerBase: Parser for application/xml is org.apache.jmeter.protocol.http.parser.LagartoBasedHtmlParser
2026-03-21 17:04:15,417 INFO o.a.j.p.h.s.HTTPSamplerBase: Parser for text/xml is org.apache.jmeter.protocol.http.parser.LagartoBasedHtmlParser
2026-03-21 17:04:15,417 INFO o.a.j.p.h.s.HTTPSamplerBase: Parser for text/vnd.wap.wml is org.apache.jmeter.protocol.http.parser.RegexpHTMLParser
2026-03-21 17:04:15,417 INFO o.a.j.p.h.s.HTTPSamplerBase: Parser for text/css is org.apache.jmeter.protocol.http.parser.CssParser
2026-03-21 17:05:01,260 ERROR o.a.j.g.a.Save: Could not backup file! Backup directory does not exist, is not a directory or could not be created ! <C:\Program Files\JMeter\apache-jmeter-5.6.3\backups>
2026-03-21 17:05:23,279 INFO o.a.j.s.SampleResult: Note: Sample TimeStamps are START times
2026-03-21 17:05:23,279 INFO o.a.j.s.SampleResult: sampleresult.default.encoding is set to UTF-8
2026-03-21 17:05:23,279 INFO o.a.j.s.SampleResult: sampleresult.useNanoTime=true
2026-03-21 17:05:23,279 INFO o.a.j.s.SampleResult: sampleresult.nanoThreadSleep=5000
2026-03-21 17:05:45,496 ERROR o.a.j.g.a.Save: Could not backup file! Backup directory does not exist, is not a directory or could not be created ! <C:\Program Files\JMeter\apache-jmeter-5.6.3\backups>
2026-03-21 17:05:55,148 ERROR o.a.j.g.a.Save: Could not backup file! Backup directory does not exist, is not a directory or could not be created ! <C:\Program Files\JMeter\apache-jmeter-5.6.3\backups>
2026-03-21 17:07:33,113 INFO o.a.j.e.StandardJMeterEngine: Running the test!
2026-03-21 17:07:33,113 INFO o.a.j.s.SampleEvent: List of sample_variables: []
2026-03-21 17:07:33,113 INFO o.a.j.s.SampleEvent: List of sample_variables: []
2026-03-21 17:07:33,113 INFO o.a.j.e.u.CompoundVariable: Note: Function class names must contain the string: '.functions.'
2026-03-21 17:07:33,113 INFO o.a.j.e.u.CompoundVariable: Note: Function class names must not contain the string: '.gui.'
2026-03-21 17:07:33,187 INFO o.a.j.g.u.JMeterMenuBar: setRunning(true, *local*)
2026-03-21 17:07:33,246 INFO o.a.j.e.StandardJMeterEngine: Starting ThreadGroup: 1 : Usuarios Concurrentes
2026-03-21 17:07:33,246 INFO o.a.j.e.StandardJMeterEngine: Starting 50 threads for group Usuarios Concurrentes.
2026-03-21 17:07:33,246 INFO o.a.j.e.StandardJMeterEngine: Thread will continue on error
2026-03-21 17:07:33,246 INFO o.a.j.t.ThreadGroup: Starting thread group... number=1 threads=50 ramp-up=10 delayedStart=false
2026-03-21 17:07:33,264 INFO o.a.j.t.JMeterThread: Thread started: Usuarios Concurrentes 1-1
2026-03-21 17:07:33,311 INFO o.a.j.t.ThreadGroup: Started thread group number 1
2026-03-21 17:07:33,311 INFO o.a.j.e.StandardJMeterEngine: All thread groups have been started
2026-03-21 17:07:33,327 INFO o.a.j.p.h.s.HTTPHCAbstractImpl: Local host = Legion
2026-03-21 17:07:33,336 INFO o.a.j.p.h.s.HTTPHC4Impl: HTTP request retry count = 0
2026-03-21 17:07:33,453 INFO o.a.j.t.JMeterThread: Thread started: Usuarios Concurrentes 1-2
2026-03-21 17:07:33,618 INFO o.a.j.p.h.s.h.LazyLayeredConnectionSocketFactory: Setting up HTTPS TrustAll Socket Factory
2026-03-21 17:07:33,623 INFO o.a.j.u.JsseSSLManager: Using default SSL protocol: TLS
2026-03-21 17:07:33,624 INFO o.a.j.u.JsseSSLManager: SSL session context: per-thread
2026-03-21 17:07:33,653 INFO o.a.j.t.JMeterThread: Thread started: Usuarios Concurrentes 1-3
2026-03-21 17:07:33,850 INFO o.a.j.t.JMeterThread: Thread started: Usuarios Concurrentes 1-4
2026-03-21 17:07:34,048 INFO o.a.j.t.JMeterThread: Thread started: Usuarios Concurrentes 1-5
2026-03-21 17:07:34,141 INFO o.a.j.u.SSLManager: JmeterKeyStore Location:  type JKS
2026-03-21 17:07:34,152 INFO o.a.j.u.SSLManager: KeyStore created OK
2026-03-21 17:07:34,152 WARN o.a.j.u.SSLManager: Keystore file not found, loading empty keystore
2026-03-21 17:07:34,248 INFO o.a.j.t.JMeterThread: Thread started: Usuarios Concurrentes 1-6
2026-03-21 17:07:34,448 INFO o.a.j.t.JMeterThread: Thread started: Usuarios Concurrentes 1-7
2026-03-21 17:07:34,651 INFO o.a.j.t.JMeterThread: Thread started: Usuarios Concurrentes 1-8
2026-03-21 17:07:34,848 INFO o.a.j.t.JMeterThread: Thread started: Usuarios Concurrentes 1-9
2026-03-21 17:07:35,047 INFO o.a.j.t.JMeterThread: Thread started: Usuarios Concurrentes 1-10
2026-03-21 17:07:35,248 INFO o.a.j.t.JMeterThread: Thread started: Usuarios Concurrentes 1-11
2026-03-21 17:07:35,448 INFO o.a.j.t.JMeterThread: Thread started: Usuarios Concurrentes 1-12
2026-03-21 17:07:35,649 INFO o.a.j.t.JMeterThread: Thread started: Usuarios Concurrentes 1-13
2026-03-21 17:07:35,696 INFO o.a.j.t.JMeterThread: Thread is done: Usuarios Concurrentes 1-11
2026-03-21 17:07:35,696 INFO o.a.j.t.JMeterThread: Thread finished: Usuarios Concurrentes 1-11
2026-03-21 17:07:35,697 INFO o.a.j.t.JMeterThread: Thread is done: Usuarios Concurrentes 1-4
2026-03-21 17:07:35,697 INFO o.a.j.t.JMeterThread: Thread finished: Usuarios Concurrentes 1-4
2026-03-21 17:07:35,697 INFO o.a.j.t.JMeterThread: Thread is done: Usuarios Concurrentes 1-3
2026-03-21 17:07:35,697 INFO o.a.j.t.JMeterThread: Thread finished: Usuarios Concurrentes 1-3
2026-03-21 17:07:35,697 INFO o.a.j.t.JMeterThread: Thread is done: Usuarios Concurrentes 1-10
2026-03-21 17:07:35,697 INFO o.a.j.t.JMeterThread: Thread finished: Usuarios Concurrentes 1-10
2026-03-21 17:07:35,697 INFO o.a.j.t.JMeterThread: Thread is done: Usuarios Concurrentes 1-2
2026-03-21 17:07:35,697 INFO o.a.j.t.JMeterThread: Thread finished: Usuarios Concurrentes 1-2
2026-03-21 17:07:35,697 INFO o.a.j.t.JMeterThread: Thread is done: Usuarios Concurrentes 1-7
2026-03-21 17:07:35,697 INFO o.a.j.t.JMeterThread: Thread finished: Usuarios Concurrentes 1-7
2026-03-21 17:07:35,697 INFO o.a.j.t.JMeterThread: Thread is done: Usuarios Concurrentes 1-6
2026-03-21 17:07:35,697 INFO o.a.j.t.JMeterThread: Thread is done: Usuarios Concurrentes 1-1
2026-03-21 17:07:35,697 INFO o.a.j.t.JMeterThread: Thread finished: Usuarios Concurrentes 1-6
2026-03-21 17:07:35,697 INFO o.a.j.t.JMeterThread: Thread is done: Usuarios Concurrentes 1-8
2026-03-21 17:07:35,697 INFO o.a.j.t.JMeterThread: Thread finished: Usuarios Concurrentes 1-1
2026-03-21 17:07:35,699 INFO o.a.j.t.JMeterThread: Thread finished: Usuarios Concurrentes 1-8
2026-03-21 17:07:35,699 INFO o.a.j.t.JMeterThread: Thread is done: Usuarios Concurrentes 1-5
2026-03-21 17:07:35,699 INFO o.a.j.t.JMeterThread: Thread finished: Usuarios Concurrentes 1-5
2026-03-21 17:07:35,701 INFO o.a.j.t.JMeterThread: Thread is done: Usuarios Concurrentes 1-9
2026-03-21 17:07:35,701 INFO o.a.j.t.JMeterThread: Thread finished: Usuarios Concurrentes 1-9
2026-03-21 17:07:35,775 INFO o.a.j.t.JMeterThread: Thread is done: Usuarios Concurrentes 1-12
2026-03-21 17:07:35,776 INFO o.a.j.t.JMeterThread: Thread finished: Usuarios Concurrentes 1-12
2026-03-21 17:07:35,847 INFO o.a.j.t.JMeterThread: Thread started: Usuarios Concurrentes 1-14
2026-03-21 17:07:36,048 INFO o.a.j.t.JMeterThread: Thread started: Usuarios Concurrentes 1-15
2026-03-21 17:07:36,061 INFO o.a.j.t.JMeterThread: Thread is done: Usuarios Concurrentes 1-13
2026-03-21 17:07:36,062 INFO o.a.j.t.JMeterThread: Thread finished: Usuarios Concurrentes 1-13
2026-03-21 17:07:36,185 INFO o.a.j.t.JMeterThread: Thread is done: Usuarios Concurrentes 1-14
2026-03-21 17:07:36,185 INFO o.a.j.t.JMeterThread: Thread finished: Usuarios Concurrentes 1-14
2026-03-21 17:07:36,248 INFO o.a.j.t.JMeterThread: Thread started: Usuarios Concurrentes 1-16
2026-03-21 17:07:36,408 INFO o.a.j.t.JMeterThread: Thread is done: Usuarios Concurrentes 1-15
2026-03-21 17:07:36,408 INFO o.a.j.t.JMeterThread: Thread finished: Usuarios Concurrentes 1-15
2026-03-21 17:07:36,448 INFO o.a.j.t.JMeterThread: Thread started: Usuarios Concurrentes 1-17
2026-03-21 17:07:36,552 INFO o.a.j.t.JMeterThread: Thread is done: Usuarios Concurrentes 1-16
2026-03-21 17:07:36,552 INFO o.a.j.t.JMeterThread: Thread finished: Usuarios Concurrentes 1-16
2026-03-21 17:07:36,648 INFO o.a.j.t.JMeterThread: Thread started: Usuarios Concurrentes 1-18
2026-03-21 17:07:36,683 INFO o.a.j.t.JMeterThread: Thread is done: Usuarios Concurrentes 1-17
2026-03-21 17:07:36,683 INFO o.a.j.t.JMeterThread: Thread finished: Usuarios Concurrentes 1-17
2026-03-21 17:07:36,849 INFO o.a.j.t.JMeterThread: Thread started: Usuarios Concurrentes 1-19
2026-03-21 17:07:36,859 INFO o.a.j.t.JMeterThread: Thread is done: Usuarios Concurrentes 1-18
2026-03-21 17:07:36,859 INFO o.a.j.t.JMeterThread: Thread finished: Usuarios Concurrentes 1-18
2026-03-21 17:07:37,048 INFO o.a.j.t.JMeterThread: Thread started: Usuarios Concurrentes 1-20
2026-03-21 17:07:37,053 INFO o.a.j.t.JMeterThread: Thread is done: Usuarios Concurrentes 1-19
2026-03-21 17:07:37,053 INFO o.a.j.t.JMeterThread: Thread finished: Usuarios Concurrentes 1-19
2026-03-21 17:07:37,248 INFO o.a.j.t.JMeterThread: Thread started: Usuarios Concurrentes 1-21
2026-03-21 17:07:37,260 INFO o.a.j.t.JMeterThread: Thread is done: Usuarios Concurrentes 1-20
2026-03-21 17:07:37,260 INFO o.a.j.t.JMeterThread: Thread finished: Usuarios Concurrentes 1-20
2026-03-21 17:07:37,449 INFO o.a.j.t.JMeterThread: Thread started: Usuarios Concurrentes 1-22
2026-03-21 17:07:37,459 INFO o.a.j.t.JMeterThread: Thread is done: Usuarios Concurrentes 1-21
2026-03-21 17:07:37,459 INFO o.a.j.t.JMeterThread: Thread finished: Usuarios Concurrentes 1-21
2026-03-21 17:07:37,648 INFO o.a.j.t.JMeterThread: Thread started: Usuarios Concurrentes 1-23
2026-03-21 17:07:37,667 INFO o.a.j.t.JMeterThread: Thread is done: Usuarios Concurrentes 1-22
2026-03-21 17:07:37,668 INFO o.a.j.t.JMeterThread: Thread finished: Usuarios Concurrentes 1-22
2026-03-21 17:07:37,852 INFO o.a.j.t.JMeterThread: Thread started: Usuarios Concurrentes 1-24
2026-03-21 17:07:37,865 INFO o.a.j.t.JMeterThread: Thread is done: Usuarios Concurrentes 1-23
2026-03-21 17:07:37,865 INFO o.a.j.t.JMeterThread: Thread finished: Usuarios Concurrentes 1-23
2026-03-21 17:07:38,050 INFO o.a.j.t.JMeterThread: Thread started: Usuarios Concurrentes 1-25
2026-03-21 17:07:38,087 INFO o.a.j.t.JMeterThread: Thread is done: Usuarios Concurrentes 1-24
2026-03-21 17:07:38,087 INFO o.a.j.t.JMeterThread: Thread finished: Usuarios Concurrentes 1-24
2026-03-21 17:07:38,251 INFO o.a.j.t.JMeterThread: Thread started: Usuarios Concurrentes 1-26
2026-03-21 17:07:38,294 INFO o.a.j.t.JMeterThread: Thread is done: Usuarios Concurrentes 1-25
2026-03-21 17:07:38,294 INFO o.a.j.t.JMeterThread: Thread finished: Usuarios Concurrentes 1-25
2026-03-21 17:07:38,447 INFO o.a.j.t.JMeterThread: Thread started: Usuarios Concurrentes 1-27
2026-03-21 17:07:38,481 INFO o.a.j.t.JMeterThread: Thread is done: Usuarios Concurrentes 1-26
2026-03-21 17:07:38,482 INFO o.a.j.t.JMeterThread: Thread finished: Usuarios Concurrentes 1-26
2026-03-21 17:07:38,649 INFO o.a.j.t.JMeterThread: Thread started: Usuarios Concurrentes 1-28
2026-03-21 17:07:38,745 INFO o.a.j.t.JMeterThread: Thread is done: Usuarios Concurrentes 1-27
2026-03-21 17:07:38,745 INFO o.a.j.t.JMeterThread: Thread finished: Usuarios Concurrentes 1-27
2026-03-21 17:07:38,848 INFO o.a.j.t.JMeterThread: Thread started: Usuarios Concurrentes 1-29
2026-03-21 17:07:38,894 INFO o.a.j.t.JMeterThread: Thread is done: Usuarios Concurrentes 1-28
2026-03-21 17:07:38,895 INFO o.a.j.t.JMeterThread: Thread finished: Usuarios Concurrentes 1-28
2026-03-21 17:07:39,047 INFO o.a.j.t.JMeterThread: Thread started: Usuarios Concurrentes 1-30
2026-03-21 17:07:39,066 INFO o.a.j.t.JMeterThread: Thread is done: Usuarios Concurrentes 1-29
2026-03-21 17:07:39,066 INFO o.a.j.t.JMeterThread: Thread finished: Usuarios Concurrentes 1-29
2026-03-21 17:07:39,247 INFO o.a.j.t.JMeterThread: Thread started: Usuarios Concurrentes 1-31
2026-03-21 17:07:39,263 INFO o.a.j.t.JMeterThread: Thread is done: Usuarios Concurrentes 1-30
2026-03-21 17:07:39,263 INFO o.a.j.t.JMeterThread: Thread finished: Usuarios Concurrentes 1-30
2026-03-21 17:07:39,448 INFO o.a.j.t.JMeterThread: Thread started: Usuarios Concurrentes 1-32
2026-03-21 17:07:39,469 INFO o.a.j.t.JMeterThread: Thread is done: Usuarios Concurrentes 1-31
2026-03-21 17:07:39,469 INFO o.a.j.t.JMeterThread: Thread finished: Usuarios Concurrentes 1-31
2026-03-21 17:07:39,648 INFO o.a.j.t.JMeterThread: Thread started: Usuarios Concurrentes 1-33
2026-03-21 17:07:39,668 INFO o.a.j.t.JMeterThread: Thread is done: Usuarios Concurrentes 1-32
2026-03-21 17:07:39,668 INFO o.a.j.t.JMeterThread: Thread finished: Usuarios Concurrentes 1-32
2026-03-21 17:07:39,848 INFO o.a.j.t.JMeterThread: Thread started: Usuarios Concurrentes 1-34
2026-03-21 17:07:39,857 INFO o.a.j.t.JMeterThread: Thread is done: Usuarios Concurrentes 1-33
2026-03-21 17:07:39,857 INFO o.a.j.t.JMeterThread: Thread finished: Usuarios Concurrentes 1-33
2026-03-21 17:07:40,048 INFO o.a.j.t.JMeterThread: Thread started: Usuarios Concurrentes 1-35
2026-03-21 17:07:40,062 INFO o.a.j.t.JMeterThread: Thread is done: Usuarios Concurrentes 1-34
2026-03-21 17:07:40,063 INFO o.a.j.t.JMeterThread: Thread finished: Usuarios Concurrentes 1-34
2026-03-21 17:07:40,248 INFO o.a.j.t.JMeterThread: Thread started: Usuarios Concurrentes 1-36
2026-03-21 17:07:40,250 INFO o.a.j.t.JMeterThread: Thread is done: Usuarios Concurrentes 1-35
2026-03-21 17:07:40,250 INFO o.a.j.t.JMeterThread: Thread finished: Usuarios Concurrentes 1-35
2026-03-21 17:07:40,448 INFO o.a.j.t.JMeterThread: Thread started: Usuarios Concurrentes 1-37
2026-03-21 17:07:40,466 INFO o.a.j.t.JMeterThread: Thread is done: Usuarios Concurrentes 1-36
2026-03-21 17:07:40,466 INFO o.a.j.t.JMeterThread: Thread finished: Usuarios Concurrentes 1-36
2026-03-21 17:07:40,649 INFO o.a.j.t.JMeterThread: Thread started: Usuarios Concurrentes 1-38
2026-03-21 17:07:40,666 INFO o.a.j.t.JMeterThread: Thread is done: Usuarios Concurrentes 1-37
2026-03-21 17:07:40,666 INFO o.a.j.t.JMeterThread: Thread finished: Usuarios Concurrentes 1-37
2026-03-21 17:07:40,849 INFO o.a.j.t.JMeterThread: Thread started: Usuarios Concurrentes 1-39
2026-03-21 17:07:40,873 INFO o.a.j.t.JMeterThread: Thread is done: Usuarios Concurrentes 1-38
2026-03-21 17:07:40,873 INFO o.a.j.t.JMeterThread: Thread finished: Usuarios Concurrentes 1-38
2026-03-21 17:07:41,048 INFO o.a.j.t.JMeterThread: Thread started: Usuarios Concurrentes 1-40
2026-03-21 17:07:41,070 INFO o.a.j.t.JMeterThread: Thread is done: Usuarios Concurrentes 1-39
2026-03-21 17:07:41,071 INFO o.a.j.t.JMeterThread: Thread finished: Usuarios Concurrentes 1-39
2026-03-21 17:07:41,247 INFO o.a.j.t.JMeterThread: Thread started: Usuarios Concurrentes 1-41
2026-03-21 17:07:41,342 INFO o.a.j.t.JMeterThread: Thread is done: Usuarios Concurrentes 1-40
2026-03-21 17:07:41,342 INFO o.a.j.t.JMeterThread: Thread finished: Usuarios Concurrentes 1-40
2026-03-21 17:07:41,448 INFO o.a.j.t.JMeterThread: Thread started: Usuarios Concurrentes 1-42
2026-03-21 17:07:41,464 INFO o.a.j.t.JMeterThread: Thread is done: Usuarios Concurrentes 1-41
2026-03-21 17:07:41,466 INFO o.a.j.t.JMeterThread: Thread finished: Usuarios Concurrentes 1-41
2026-03-21 17:07:41,650 INFO o.a.j.t.JMeterThread: Thread started: Usuarios Concurrentes 1-43
2026-03-21 17:07:41,654 INFO o.a.j.t.JMeterThread: Thread is done: Usuarios Concurrentes 1-42
2026-03-21 17:07:41,654 INFO o.a.j.t.JMeterThread: Thread finished: Usuarios Concurrentes 1-42
2026-03-21 17:07:41,848 INFO o.a.j.t.JMeterThread: Thread started: Usuarios Concurrentes 1-44
2026-03-21 17:07:41,855 INFO o.a.j.t.JMeterThread: Thread is done: Usuarios Concurrentes 1-43
2026-03-21 17:07:41,856 INFO o.a.j.t.JMeterThread: Thread finished: Usuarios Concurrentes 1-43
2026-03-21 17:07:42,049 INFO o.a.j.t.JMeterThread: Thread started: Usuarios Concurrentes 1-45
2026-03-21 17:07:42,060 INFO o.a.j.t.JMeterThread: Thread is done: Usuarios Concurrentes 1-44
2026-03-21 17:07:42,060 INFO o.a.j.t.JMeterThread: Thread finished: Usuarios Concurrentes 1-44
2026-03-21 17:07:42,249 INFO o.a.j.t.JMeterThread: Thread started: Usuarios Concurrentes 1-46
2026-03-21 17:07:42,252 INFO o.a.j.t.JMeterThread: Thread is done: Usuarios Concurrentes 1-45
2026-03-21 17:07:42,252 INFO o.a.j.t.JMeterThread: Thread finished: Usuarios Concurrentes 1-45
2026-03-21 17:07:42,448 INFO o.a.j.t.JMeterThread: Thread started: Usuarios Concurrentes 1-47
2026-03-21 17:07:42,470 INFO o.a.j.t.JMeterThread: Thread is done: Usuarios Concurrentes 1-46
2026-03-21 17:07:42,470 INFO o.a.j.t.JMeterThread: Thread finished: Usuarios Concurrentes 1-46
2026-03-21 17:07:42,649 INFO o.a.j.t.JMeterThread: Thread started: Usuarios Concurrentes 1-48
2026-03-21 17:07:42,662 INFO o.a.j.t.JMeterThread: Thread is done: Usuarios Concurrentes 1-47
2026-03-21 17:07:42,663 INFO o.a.j.t.JMeterThread: Thread finished: Usuarios Concurrentes 1-47
2026-03-21 17:07:42,849 INFO o.a.j.t.JMeterThread: Thread started: Usuarios Concurrentes 1-49
2026-03-21 17:07:42,891 INFO o.a.j.t.JMeterThread: Thread is done: Usuarios Concurrentes 1-48
2026-03-21 17:07:42,892 INFO o.a.j.t.JMeterThread: Thread finished: Usuarios Concurrentes 1-48
2026-03-21 17:07:43,048 INFO o.a.j.t.JMeterThread: Thread started: Usuarios Concurrentes 1-50
2026-03-21 17:07:43,062 INFO o.a.j.t.JMeterThread: Thread is done: Usuarios Concurrentes 1-49
2026-03-21 17:07:43,062 INFO o.a.j.t.JMeterThread: Thread finished: Usuarios Concurrentes 1-49
2026-03-21 17:07:43,246 INFO o.a.j.t.JMeterThread: Thread is done: Usuarios Concurrentes 1-50
2026-03-21 17:07:43,246 INFO o.a.j.t.JMeterThread: Thread finished: Usuarios Concurrentes 1-50
2026-03-21 17:07:43,246 INFO o.a.j.e.StandardJMeterEngine: Notifying test listeners of end of test
2026-03-21 17:07:43,246 INFO o.a.j.g.u.JMeterMenuBar: setRunning(false, *local*)
2026-03-21 17:10:52,435 ERROR o.a.j.g.a.Save: Could not backup file! Backup directory does not exist, is not a directory or could not be created ! <C:\Program Files\JMeter\apache-jmeter-5.6.3\backups>
2026-03-21 17:11:51,960 ERROR o.a.j.g.a.Save: Could not backup file! Backup directory does not exist, is not a directory or could not be created ! <C:\Program Files\JMeter\apache-jmeter-5.6.3\backups>
2026-03-21 17:12:18,079 ERROR o.a.j.g.a.Save: Could not backup file! Backup directory does not exist, is not a directory or could not be created ! <C:\Program Files\JMeter\apache-jmeter-5.6.3\backups>
2026-03-21 17:12:31,597 INFO o.a.j.e.StandardJMeterEngine: Running the test!
2026-03-21 17:12:31,597 INFO o.a.j.s.SampleEvent: List of sample_variables: []
2026-03-21 17:12:31,597 INFO o.a.j.g.u.JMeterMenuBar: setRunning(true, *local*)
2026-03-21 17:12:31,691 INFO o.a.j.e.StandardJMeterEngine: Starting ThreadGroup: 1 : Usuarios Concurrentes
2026-03-21 17:12:31,691 INFO o.a.j.e.StandardJMeterEngine: Starting 50 threads for group Usuarios Concurrentes.
2026-03-21 17:12:31,691 INFO o.a.j.e.StandardJMeterEngine: Thread will continue on error
2026-03-21 17:12:31,691 INFO o.a.j.t.ThreadGroup: Starting thread group... number=1 threads=50 ramp-up=10 delayedStart=false
2026-03-21 17:12:31,695 INFO o.a.j.t.JMeterThread: Thread started: Usuarios Concurrentes 1-1
2026-03-21 17:12:31,735 INFO o.a.j.t.ThreadGroup: Started thread group number 1
2026-03-21 17:12:31,735 INFO o.a.j.e.StandardJMeterEngine: Starting ThreadGroup: 2 : Carga Alta
2026-03-21 17:12:31,735 INFO o.a.j.e.StandardJMeterEngine: Starting 200 threads for group Carga Alta.
2026-03-21 17:12:31,735 INFO o.a.j.e.StandardJMeterEngine: Thread will continue on error
2026-03-21 17:12:31,735 INFO o.a.j.t.ThreadGroup: Starting thread group... number=2 threads=200 ramp-up=20 delayedStart=false
2026-03-21 17:12:31,737 INFO o.a.j.t.JMeterThread: Thread started: Carga Alta 2-1
2026-03-21 17:12:31,837 INFO o.a.j.t.JMeterThread: Thread started: Carga Alta 2-2
2026-03-21 17:12:31,897 INFO o.a.j.t.JMeterThread: Thread started: Usuarios Concurrentes 1-2
2026-03-21 17:12:31,915 INFO o.a.j.t.ThreadGroup: Started thread group number 2
2026-03-21 17:12:31,915 INFO o.a.j.e.StandardJMeterEngine: All thread groups have been started
2026-03-21 17:12:31,938 INFO o.a.j.t.JMeterThread: Thread started: Carga Alta 2-3
2026-03-21 17:12:32,038 INFO o.a.j.t.JMeterThread: Thread started: Carga Alta 2-4
2026-03-21 17:12:32,099 INFO o.a.j.t.JMeterThread: Thread started: Usuarios Concurrentes 1-3
2026-03-21 17:12:32,140 INFO o.a.j.t.JMeterThread: Thread started: Carga Alta 2-5
2026-03-21 17:12:32,143 INFO o.a.j.t.JMeterThread: Thread is done: Usuarios Concurrentes 1-1
2026-03-21 17:12:32,143 INFO o.a.j.t.JMeterThread: Thread finished: Usuarios Concurrentes 1-1
2026-03-21 17:12:32,144 INFO o.a.j.t.JMeterThread: Thread is done: Carga Alta 2-2
2026-03-21 17:12:32,144 INFO o.a.j.t.JMeterThread: Thread finished: Carga Alta 2-2
2026-03-21 17:12:32,153 INFO o.a.j.t.JMeterThread: Thread is done: Carga Alta 2-1
2026-03-21 17:12:32,153 INFO o.a.j.t.JMeterThread: Thread finished: Carga Alta 2-1
2026-03-21 17:12:32,237 INFO o.a.j.t.JMeterThread: Thread started: Carga Alta 2-6
2026-03-21 17:12:32,246 INFO o.a.j.t.JMeterThread: Thread is done: Usuarios Concurrentes 1-2
2026-03-21 17:12:32,246 INFO o.a.j.t.JMeterThread: Thread finished: Usuarios Concurrentes 1-2
2026-03-21 17:12:32,247 INFO o.a.j.t.JMeterThread: Thread is done: Carga Alta 2-3
2026-03-21 17:12:32,247 INFO o.a.j.t.JMeterThread: Thread finished: Carga Alta 2-3
2026-03-21 17:12:32,293 INFO o.a.j.t.JMeterThread: Thread started: Usuarios Concurrentes 1-4
2026-03-21 17:12:32,331 INFO o.a.j.t.JMeterThread: Thread is done: Usuarios Concurrentes 1-3
2026-03-21 17:12:32,331 INFO o.a.j.t.JMeterThread: Thread finished: Usuarios Concurrentes 1-3
2026-03-21 17:12:32,338 INFO o.a.j.t.JMeterThread: Thread is done: Carga Alta 2-4
2026-03-21 17:12:32,338 INFO o.a.j.t.JMeterThread: Thread finished: Carga Alta 2-4
2026-03-21 17:12:32,339 INFO o.a.j.t.JMeterThread: Thread started: Carga Alta 2-7
2026-03-21 17:12:32,437 INFO o.a.j.t.JMeterThread: Thread started: Carga Alta 2-8
2026-03-21 17:12:32,493 INFO o.a.j.t.JMeterThread: Thread started: Usuarios Concurrentes 1-5
2026-03-21 17:12:32,498 INFO o.a.j.t.JMeterThread: Thread is done: Carga Alta 2-5
2026-03-21 17:12:32,498 INFO o.a.j.t.JMeterThread: Thread finished: Carga Alta 2-5
2026-03-21 17:12:32,499 INFO o.a.j.t.JMeterThread: Thread is done: Carga Alta 2-6
2026-03-21 17:12:32,499 INFO o.a.j.t.JMeterThread: Thread finished: Carga Alta 2-6
2026-03-21 17:12:32,540 INFO o.a.j.t.JMeterThread: Thread started: Carga Alta 2-9
2026-03-21 17:12:32,572 INFO o.a.j.t.JMeterThread: Thread is done: Usuarios Concurrentes 1-4
2026-03-21 17:12:32,572 INFO o.a.j.t.JMeterThread: Thread finished: Usuarios Concurrentes 1-4
2026-03-21 17:12:32,576 INFO o.a.j.t.JMeterThread: Thread is done: Carga Alta 2-7
2026-03-21 17:12:32,576 INFO o.a.j.t.JMeterThread: Thread finished: Carga Alta 2-7
2026-03-21 17:12:32,638 INFO o.a.j.t.JMeterThread: Thread started: Carga Alta 2-10
2026-03-21 17:12:32,656 INFO o.a.j.t.JMeterThread: Thread is done: Carga Alta 2-8
2026-03-21 17:12:32,657 INFO o.a.j.t.JMeterThread: Thread finished: Carga Alta 2-8
2026-03-21 17:12:32,697 INFO o.a.j.t.JMeterThread: Thread started: Usuarios Concurrentes 1-6
2026-03-21 17:12:32,729 INFO o.a.j.t.JMeterThread: Thread is done: Usuarios Concurrentes 1-5
2026-03-21 17:12:32,729 INFO o.a.j.t.JMeterThread: Thread finished: Usuarios Concurrentes 1-5
2026-03-21 17:12:32,738 INFO o.a.j.t.JMeterThread: Thread started: Carga Alta 2-11
2026-03-21 17:12:32,804 INFO o.a.j.t.JMeterThread: Thread is done: Carga Alta 2-9
2026-03-21 17:12:32,804 INFO o.a.j.t.JMeterThread: Thread finished: Carga Alta 2-9
2026-03-21 17:12:32,837 INFO o.a.j.t.JMeterThread: Thread started: Carga Alta 2-12
2026-03-21 17:12:32,896 INFO o.a.j.t.JMeterThread: Thread started: Usuarios Concurrentes 1-7
2026-03-21 17:12:32,906 INFO o.a.j.t.JMeterThread: Thread is done: Carga Alta 2-10
2026-03-21 17:12:32,907 INFO o.a.j.t.JMeterThread: Thread finished: Carga Alta 2-10
2026-03-21 17:12:32,933 INFO o.a.j.t.JMeterThread: Thread is done: Usuarios Concurrentes 1-6
2026-03-21 17:12:32,934 INFO o.a.j.t.JMeterThread: Thread finished: Usuarios Concurrentes 1-6
2026-03-21 17:12:32,937 INFO o.a.j.t.JMeterThread: Thread started: Carga Alta 2-13
2026-03-21 17:12:33,037 INFO o.a.j.t.JMeterThread: Thread started: Carga Alta 2-14
2026-03-21 17:12:33,050 INFO o.a.j.t.JMeterThread: Thread is done: Carga Alta 2-11
2026-03-21 17:12:33,050 INFO o.a.j.t.JMeterThread: Thread finished: Carga Alta 2-11
2026-03-21 17:12:33,095 INFO o.a.j.t.JMeterThread: Thread started: Usuarios Concurrentes 1-8
2026-03-21 17:12:33,138 INFO o.a.j.t.JMeterThread: Thread started: Carga Alta 2-15
2026-03-21 17:12:33,237 INFO o.a.j.t.JMeterThread: Thread started: Carga Alta 2-16
2026-03-21 17:12:33,246 INFO o.a.j.t.JMeterThread: Thread is done: Usuarios Concurrentes 1-7
2026-03-21 17:12:33,246 INFO o.a.j.t.JMeterThread: Thread finished: Usuarios Concurrentes 1-7
2026-03-21 17:12:33,246 INFO o.a.j.t.JMeterThread: Thread is done: Carga Alta 2-12
2026-03-21 17:12:33,246 INFO o.a.j.t.JMeterThread: Thread finished: Carga Alta 2-12
2026-03-21 17:12:33,247 INFO o.a.j.t.JMeterThread: Thread is done: Carga Alta 2-13
2026-03-21 17:12:33,247 INFO o.a.j.t.JMeterThread: Thread finished: Carga Alta 2-13
2026-03-21 17:12:33,295 INFO o.a.j.t.JMeterThread: Thread started: Usuarios Concurrentes 1-9
2026-03-21 17:12:33,326 INFO o.a.j.t.JMeterThread: Thread is done: Carga Alta 2-14
2026-03-21 17:12:33,326 INFO o.a.j.t.JMeterThread: Thread finished: Carga Alta 2-14
2026-03-21 17:12:33,337 INFO o.a.j.t.JMeterThread: Thread started: Carga Alta 2-17
2026-03-21 17:12:33,437 INFO o.a.j.t.JMeterThread: Thread started: Carga Alta 2-18
2026-03-21 17:12:33,457 INFO o.a.j.t.JMeterThread: Thread is done: Usuarios Concurrentes 1-8
2026-03-21 17:12:33,457 INFO o.a.j.t.JMeterThread: Thread finished: Usuarios Concurrentes 1-8
2026-03-21 17:12:33,496 INFO o.a.j.t.JMeterThread: Thread started: Usuarios Concurrentes 1-10
2026-03-21 17:12:33,536 INFO o.a.j.t.JMeterThread: Thread started: Carga Alta 2-19
2026-03-21 17:12:33,565 INFO o.a.j.t.JMeterThread: Thread is done: Carga Alta 2-16
2026-03-21 17:12:33,565 INFO o.a.j.t.JMeterThread: Thread finished: Carga Alta 2-16
2026-03-21 17:12:33,592 INFO o.a.j.t.JMeterThread: Thread is done: Usuarios Concurrentes 1-9
2026-03-21 17:12:33,592 INFO o.a.j.t.JMeterThread: Thread finished: Usuarios Concurrentes 1-9
2026-03-21 17:12:33,604 INFO o.a.j.t.JMeterThread: Thread is done: Carga Alta 2-17
2026-03-21 17:12:33,604 INFO o.a.j.t.JMeterThread: Thread finished: Carga Alta 2-17
2026-03-21 17:12:33,638 INFO o.a.j.t.JMeterThread: Thread started: Carga Alta 2-20
2026-03-21 17:12:33,669 INFO o.a.j.t.JMeterThread: Thread is done: Carga Alta 2-18
2026-03-21 17:12:33,669 INFO o.a.j.t.JMeterThread: Thread finished: Carga Alta 2-18
2026-03-21 17:12:33,694 INFO o.a.j.t.JMeterThread: Thread is done: Usuarios Concurrentes 1-10
2026-03-21 17:12:33,694 INFO o.a.j.t.JMeterThread: Thread finished: Usuarios Concurrentes 1-10
2026-03-21 17:12:33,696 INFO o.a.j.t.JMeterThread: Thread started: Usuarios Concurrentes 1-11
2026-03-21 17:12:33,739 INFO o.a.j.t.JMeterThread: Thread started: Carga Alta 2-21
2026-03-21 17:12:33,744 INFO o.a.j.t.JMeterThread: Thread is done: Carga Alta 2-19
2026-03-21 17:12:33,744 INFO o.a.j.t.JMeterThread: Thread finished: Carga Alta 2-19
2026-03-21 17:12:33,836 INFO o.a.j.t.JMeterThread: Thread started: Carga Alta 2-22
2026-03-21 17:12:33,854 INFO o.a.j.t.JMeterThread: Thread is done: Carga Alta 2-15
2026-03-21 17:12:33,854 INFO o.a.j.t.JMeterThread: Thread finished: Carga Alta 2-15
2026-03-21 17:12:33,856 INFO o.a.j.t.JMeterThread: Thread is done: Carga Alta 2-20
2026-03-21 17:12:33,856 INFO o.a.j.t.JMeterThread: Thread finished: Carga Alta 2-20
2026-03-21 17:12:33,896 INFO o.a.j.t.JMeterThread: Thread started: Usuarios Concurrentes 1-12
2026-03-21 17:12:33,903 INFO o.a.j.t.JMeterThread: Thread is done: Usuarios Concurrentes 1-11
2026-03-21 17:12:33,903 INFO o.a.j.t.JMeterThread: Thread finished: Usuarios Concurrentes 1-11
2026-03-21 17:12:33,936 INFO o.a.j.t.JMeterThread: Thread started: Carga Alta 2-23
2026-03-21 17:12:33,971 INFO o.a.j.t.JMeterThread: Thread is done: Carga Alta 2-21
2026-03-21 17:12:33,971 INFO o.a.j.t.JMeterThread: Thread finished: Carga Alta 2-21
2026-03-21 17:12:34,037 INFO o.a.j.t.JMeterThread: Thread started: Carga Alta 2-24
2026-03-21 17:12:34,050 INFO o.a.j.t.JMeterThread: Thread is done: Carga Alta 2-22
2026-03-21 17:12:34,050 INFO o.a.j.t.JMeterThread: Thread finished: Carga Alta 2-22
2026-03-21 17:12:34,097 INFO o.a.j.t.JMeterThread: Thread started: Usuarios Concurrentes 1-13
2026-03-21 17:12:34,112 INFO o.a.j.t.JMeterThread: Thread is done: Usuarios Concurrentes 1-12
2026-03-21 17:12:34,112 INFO o.a.j.t.JMeterThread: Thread finished: Usuarios Concurrentes 1-12
2026-03-21 17:12:34,136 INFO o.a.j.t.JMeterThread: Thread started: Carga Alta 2-25
2026-03-21 17:12:34,142 INFO o.a.j.t.JMeterThread: Thread is done: Carga Alta 2-23
2026-03-21 17:12:34,142 INFO o.a.j.t.JMeterThread: Thread finished: Carga Alta 2-23
2026-03-21 17:12:34,236 INFO o.a.j.t.JMeterThread: Thread started: Carga Alta 2-26
2026-03-21 17:12:34,257 INFO o.a.j.t.JMeterThread: Thread is done: Carga Alta 2-24
2026-03-21 17:12:34,258 INFO o.a.j.t.JMeterThread: Thread finished: Carga Alta 2-24
2026-03-21 17:12:34,298 INFO o.a.j.t.JMeterThread: Thread started: Usuarios Concurrentes 1-14
2026-03-21 17:12:34,321 INFO o.a.j.t.JMeterThread: Thread is done: Usuarios Concurrentes 1-13
2026-03-21 17:12:34,322 INFO o.a.j.t.JMeterThread: Thread finished: Usuarios Concurrentes 1-13
2026-03-21 17:12:34,336 INFO o.a.j.t.JMeterThread: Thread started: Carga Alta 2-27
2026-03-21 17:12:34,351 INFO o.a.j.t.JMeterThread: Thread is done: Carga Alta 2-25
2026-03-21 17:12:34,351 INFO o.a.j.t.JMeterThread: Thread finished: Carga Alta 2-25
2026-03-21 17:12:34,437 INFO o.a.j.t.JMeterThread: Thread started: Carga Alta 2-28
2026-03-21 17:12:34,453 INFO o.a.j.t.JMeterThread: Thread is done: Carga Alta 2-26
2026-03-21 17:12:34,453 INFO o.a.j.t.JMeterThread: Thread finished: Carga Alta 2-26
2026-03-21 17:12:34,496 INFO o.a.j.t.JMeterThread: Thread started: Usuarios Concurrentes 1-15
2026-03-21 17:12:34,514 INFO o.a.j.t.JMeterThread: Thread is done: Usuarios Concurrentes 1-14
2026-03-21 17:12:34,514 INFO o.a.j.t.JMeterThread: Thread finished: Usuarios Concurrentes 1-14
2026-03-21 17:12:34,536 INFO o.a.j.t.JMeterThread: Thread started: Carga Alta 2-29
2026-03-21 17:12:34,561 INFO o.a.j.t.JMeterThread: Thread is done: Carga Alta 2-27
2026-03-21 17:12:34,561 INFO o.a.j.t.JMeterThread: Thread finished: Carga Alta 2-27
2026-03-21 17:12:34,637 INFO o.a.j.t.JMeterThread: Thread started: Carga Alta 2-30
2026-03-21 17:12:34,696 INFO o.a.j.t.JMeterThread: Thread started: Usuarios Concurrentes 1-16
2026-03-21 17:12:34,704 INFO o.a.j.t.JMeterThread: Thread is done: Usuarios Concurrentes 1-15
2026-03-21 17:12:34,705 INFO o.a.j.t.JMeterThread: Thread finished: Usuarios Concurrentes 1-15
2026-03-21 17:12:34,722 INFO o.a.j.t.JMeterThread: Thread is done: Carga Alta 2-28
2026-03-21 17:12:34,722 INFO o.a.j.t.JMeterThread: Thread finished: Carga Alta 2-28
2026-03-21 17:12:34,737 INFO o.a.j.t.JMeterThread: Thread started: Carga Alta 2-31
2026-03-21 17:12:34,781 INFO o.a.j.t.JMeterThread: Thread is done: Carga Alta 2-29
2026-03-21 17:12:34,781 INFO o.a.j.t.JMeterThread: Thread finished: Carga Alta 2-29
2026-03-21 17:12:34,836 INFO o.a.j.t.JMeterThread: Thread started: Carga Alta 2-32
2026-03-21 17:12:34,855 INFO o.a.j.t.JMeterThread: Thread is done: Carga Alta 2-30
2026-03-21 17:12:34,856 INFO o.a.j.t.JMeterThread: Thread finished: Carga Alta 2-30
2026-03-21 17:12:34,896 INFO o.a.j.t.JMeterThread: Thread started: Usuarios Concurrentes 1-17
2026-03-21 17:12:34,927 INFO o.a.j.t.JMeterThread: Thread is done: Usuarios Concurrentes 1-16
2026-03-21 17:12:34,927 INFO o.a.j.t.JMeterThread: Thread finished: Usuarios Concurrentes 1-16
2026-03-21 17:12:34,936 INFO o.a.j.t.JMeterThread: Thread started: Carga Alta 2-33
2026-03-21 17:12:34,954 INFO o.a.j.t.JMeterThread: Thread is done: Carga Alta 2-31
2026-03-21 17:12:34,954 INFO o.a.j.t.JMeterThread: Thread finished: Carga Alta 2-31
2026-03-21 17:12:35,037 INFO o.a.j.t.JMeterThread: Thread started: Carga Alta 2-34
2026-03-21 17:12:35,094 INFO o.a.j.t.JMeterThread: Thread started: Usuarios Concurrentes 1-18
2026-03-21 17:12:35,119 INFO o.a.j.t.JMeterThread: Thread is done: Usuarios Concurrentes 1-17
2026-03-21 17:12:35,120 INFO o.a.j.t.JMeterThread: Thread finished: Usuarios Concurrentes 1-17
2026-03-21 17:12:35,135 INFO o.a.j.t.JMeterThread: Thread is done: Carga Alta 2-32
2026-03-21 17:12:35,135 INFO o.a.j.t.JMeterThread: Thread finished: Carga Alta 2-32
2026-03-21 17:12:35,137 INFO o.a.j.t.JMeterThread: Thread started: Carga Alta 2-35
2026-03-21 17:12:35,152 INFO o.a.j.t.JMeterThread: Thread is done: Carga Alta 2-33
2026-03-21 17:12:35,152 INFO o.a.j.t.JMeterThread: Thread finished: Carga Alta 2-33
2026-03-21 17:12:35,239 INFO o.a.j.t.JMeterThread: Thread started: Carga Alta 2-36
2026-03-21 17:12:35,247 INFO o.a.j.t.JMeterThread: Thread is done: Carga Alta 2-34
2026-03-21 17:12:35,247 INFO o.a.j.t.JMeterThread: Thread finished: Carga Alta 2-34
2026-03-21 17:12:35,296 INFO o.a.j.t.JMeterThread: Thread started: Usuarios Concurrentes 1-19
2026-03-21 17:12:35,298 INFO o.a.j.t.JMeterThread: Thread is done: Usuarios Concurrentes 1-18
2026-03-21 17:12:35,298 INFO o.a.j.t.JMeterThread: Thread finished: Usuarios Concurrentes 1-18
2026-03-21 17:12:35,335 INFO o.a.j.t.JMeterThread: Thread is done: Carga Alta 2-35
2026-03-21 17:12:35,335 INFO o.a.j.t.JMeterThread: Thread finished: Carga Alta 2-35
2026-03-21 17:12:35,337 INFO o.a.j.t.JMeterThread: Thread started: Carga Alta 2-37
2026-03-21 17:12:35,434 INFO o.a.j.t.JMeterThread: Thread is done: Carga Alta 2-36
2026-03-21 17:12:35,434 INFO o.a.j.t.JMeterThread: Thread finished: Carga Alta 2-36
2026-03-21 17:12:35,437 INFO o.a.j.t.JMeterThread: Thread started: Carga Alta 2-38
2026-03-21 17:12:35,494 INFO o.a.j.t.JMeterThread: Thread started: Usuarios Concurrentes 1-20
2026-03-21 17:12:35,505 INFO o.a.j.t.JMeterThread: Thread is done: Usuarios Concurrentes 1-19
2026-03-21 17:12:35,505 INFO o.a.j.t.JMeterThread: Thread finished: Usuarios Concurrentes 1-19
2026-03-21 17:12:35,538 INFO o.a.j.t.JMeterThread: Thread started: Carga Alta 2-39
2026-03-21 17:12:35,548 INFO o.a.j.t.JMeterThread: Thread is done: Carga Alta 2-37
2026-03-21 17:12:35,548 INFO o.a.j.t.JMeterThread: Thread finished: Carga Alta 2-37
2026-03-21 17:12:35,638 INFO o.a.j.t.JMeterThread: Thread started: Carga Alta 2-40
2026-03-21 17:12:35,694 INFO o.a.j.t.JMeterThread: Thread started: Usuarios Concurrentes 1-21
2026-03-21 17:12:35,711 INFO o.a.j.t.JMeterThread: Thread is done: Usuarios Concurrentes 1-20
2026-03-21 17:12:35,711 INFO o.a.j.t.JMeterThread: Thread finished: Usuarios Concurrentes 1-20
2026-03-21 17:12:35,716 INFO o.a.j.t.JMeterThread: Thread is done: Carga Alta 2-38
2026-03-21 17:12:35,716 INFO o.a.j.t.JMeterThread: Thread finished: Carga Alta 2-38
2026-03-21 17:12:35,738 INFO o.a.j.t.JMeterThread: Thread started: Carga Alta 2-41
2026-03-21 17:12:35,751 INFO o.a.j.t.JMeterThread: Thread is done: Carga Alta 2-39
2026-03-21 17:12:35,751 INFO o.a.j.t.JMeterThread: Thread finished: Carga Alta 2-39
2026-03-21 17:12:35,837 INFO o.a.j.t.JMeterThread: Thread started: Carga Alta 2-42
2026-03-21 17:12:35,844 INFO o.a.j.t.JMeterThread: Thread is done: Carga Alta 2-40
2026-03-21 17:12:35,844 INFO o.a.j.t.JMeterThread: Thread finished: Carga Alta 2-40
2026-03-21 17:12:35,894 INFO o.a.j.t.JMeterThread: Thread started: Usuarios Concurrentes 1-22
2026-03-21 17:12:35,896 INFO o.a.j.t.JMeterThread: Thread is done: Usuarios Concurrentes 1-21
2026-03-21 17:12:35,896 INFO o.a.j.t.JMeterThread: Thread finished: Usuarios Concurrentes 1-21
2026-03-21 17:12:35,937 INFO o.a.j.t.JMeterThread: Thread started: Carga Alta 2-43
2026-03-21 17:12:35,956 INFO o.a.j.t.JMeterThread: Thread is done: Carga Alta 2-41
2026-03-21 17:12:35,956 INFO o.a.j.t.JMeterThread: Thread finished: Carga Alta 2-41
2026-03-21 17:12:36,036 INFO o.a.j.t.JMeterThread: Thread started: Carga Alta 2-44
2026-03-21 17:12:36,041 INFO o.a.j.t.JMeterThread: Thread is done: Carga Alta 2-42
2026-03-21 17:12:36,041 INFO o.a.j.t.JMeterThread: Thread finished: Carga Alta 2-42
2026-03-21 17:12:36,094 INFO o.a.j.t.JMeterThread: Thread started: Usuarios Concurrentes 1-23
2026-03-21 17:12:36,105 INFO o.a.j.t.JMeterThread: Thread is done: Usuarios Concurrentes 1-22
2026-03-21 17:12:36,105 INFO o.a.j.t.JMeterThread: Thread finished: Usuarios Concurrentes 1-22
2026-03-21 17:12:36,137 INFO o.a.j.t.JMeterThread: Thread started: Carga Alta 2-45
2026-03-21 17:12:36,151 INFO o.a.j.t.JMeterThread: Thread is done: Carga Alta 2-43
2026-03-21 17:12:36,151 INFO o.a.j.t.JMeterThread: Thread finished: Carga Alta 2-43
2026-03-21 17:12:36,237 INFO o.a.j.t.JMeterThread: Thread started: Carga Alta 2-46
2026-03-21 17:12:36,266 INFO o.a.j.t.JMeterThread: Thread is done: Carga Alta 2-44
2026-03-21 17:12:36,266 INFO o.a.j.t.JMeterThread: Thread finished: Carga Alta 2-44
2026-03-21 17:12:36,293 INFO o.a.j.t.JMeterThread: Thread is done: Usuarios Concurrentes 1-23
2026-03-21 17:12:36,293 INFO o.a.j.t.JMeterThread: Thread finished: Usuarios Concurrentes 1-23
2026-03-21 17:12:36,296 INFO o.a.j.t.JMeterThread: Thread started: Usuarios Concurrentes 1-24
2026-03-21 17:12:36,337 INFO o.a.j.t.JMeterThread: Thread started: Carga Alta 2-47
2026-03-21 17:12:36,363 INFO o.a.j.t.JMeterThread: Thread is done: Carga Alta 2-45
2026-03-21 17:12:36,363 INFO o.a.j.t.JMeterThread: Thread finished: Carga Alta 2-45
2026-03-21 17:12:36,437 INFO o.a.j.t.JMeterThread: Thread started: Carga Alta 2-48
2026-03-21 17:12:36,437 INFO o.a.j.t.JMeterThread: Thread is done: Carga Alta 2-46
2026-03-21 17:12:36,437 INFO o.a.j.t.JMeterThread: Thread finished: Carga Alta 2-46
2026-03-21 17:12:36,494 INFO o.a.j.t.JMeterThread: Thread started: Usuarios Concurrentes 1-25
2026-03-21 17:12:36,503 INFO o.a.j.t.JMeterThread: Thread is done: Usuarios Concurrentes 1-24
2026-03-21 17:12:36,503 INFO o.a.j.t.JMeterThread: Thread finished: Usuarios Concurrentes 1-24
2026-03-21 17:12:36,537 INFO o.a.j.t.JMeterThread: Thread started: Carga Alta 2-49
2026-03-21 17:12:36,604 INFO o.a.j.t.JMeterThread: Thread is done: Carga Alta 2-47
2026-03-21 17:12:36,604 INFO o.a.j.t.JMeterThread: Thread finished: Carga Alta 2-47
2026-03-21 17:12:36,638 INFO o.a.j.t.JMeterThread: Thread started: Carga Alta 2-50
2026-03-21 17:12:36,638 INFO o.a.j.t.JMeterThread: Thread is done: Carga Alta 2-48
2026-03-21 17:12:36,638 INFO o.a.j.t.JMeterThread: Thread finished: Carga Alta 2-48
2026-03-21 17:12:36,695 INFO o.a.j.t.JMeterThread: Thread started: Usuarios Concurrentes 1-26
2026-03-21 17:12:36,696 INFO o.a.j.t.JMeterThread: Thread is done: Usuarios Concurrentes 1-25
2026-03-21 17:12:36,696 INFO o.a.j.t.JMeterThread: Thread finished: Usuarios Concurrentes 1-25
2026-03-21 17:12:36,737 INFO o.a.j.t.JMeterThread: Thread started: Carga Alta 2-51
2026-03-21 17:12:36,744 INFO o.a.j.t.JMeterThread: Thread is done: Carga Alta 2-49
2026-03-21 17:12:36,744 INFO o.a.j.t.JMeterThread: Thread finished: Carga Alta 2-49
2026-03-21 17:12:36,838 INFO o.a.j.t.JMeterThread: Thread started: Carga Alta 2-52
2026-03-21 17:12:36,895 INFO o.a.j.t.JMeterThread: Thread started: Usuarios Concurrentes 1-27
2026-03-21 17:12:36,938 INFO o.a.j.t.JMeterThread: Thread started: Carga Alta 2-53
2026-03-21 17:12:37,037 INFO o.a.j.t.JMeterThread: Thread started: Carga Alta 2-54
2026-03-21 17:12:37,092 INFO o.a.j.t.JMeterThread: Thread started: Usuarios Concurrentes 1-28
2026-03-21 17:12:37,110 INFO o.a.j.t.JMeterThread: Thread is done: Carga Alta 2-50
2026-03-21 17:12:37,110 INFO o.a.j.t.JMeterThread: Thread finished: Carga Alta 2-50
2026-03-21 17:12:37,137 INFO o.a.j.t.JMeterThread: Thread started: Carga Alta 2-55
2026-03-21 17:12:37,171 INFO o.a.j.t.JMeterThread: Thread is done: Usuarios Concurrentes 1-26
2026-03-21 17:12:37,171 INFO o.a.j.t.JMeterThread: Thread finished: Usuarios Concurrentes 1-26
2026-03-21 17:12:37,199 INFO o.a.j.t.JMeterThread: Thread is done: Carga Alta 2-51
2026-03-21 17:12:37,199 INFO o.a.j.t.JMeterThread: Thread finished: Carga Alta 2-51
2026-03-21 17:12:37,238 INFO o.a.j.t.JMeterThread: Thread started: Carga Alta 2-56
2026-03-21 17:12:37,248 INFO o.a.j.t.JMeterThread: Thread is done: Usuarios Concurrentes 1-27
2026-03-21 17:12:37,248 INFO o.a.j.t.JMeterThread: Thread finished: Usuarios Concurrentes 1-27
2026-03-21 17:12:37,253 INFO o.a.j.t.JMeterThread: Thread is done: Carga Alta 2-53
2026-03-21 17:12:37,253 INFO o.a.j.t.JMeterThread: Thread finished: Carga Alta 2-53
2026-03-21 17:12:37,259 INFO o.a.j.t.JMeterThread: Thread is done: Carga Alta 2-52
2026-03-21 17:12:37,259 INFO o.a.j.t.JMeterThread: Thread finished: Carga Alta 2-52
2026-03-21 17:12:37,297 INFO o.a.j.t.JMeterThread: Thread started: Usuarios Concurrentes 1-29
2026-03-21 17:12:37,301 INFO o.a.j.t.JMeterThread: Thread is done: Usuarios Concurrentes 1-28
2026-03-21 17:12:37,301 INFO o.a.j.t.JMeterThread: Thread finished: Usuarios Concurrentes 1-28
2026-03-21 17:12:37,311 INFO o.a.j.t.JMeterThread: Thread is done: Carga Alta 2-54
2026-03-21 17:12:37,311 INFO o.a.j.t.JMeterThread: Thread finished: Carga Alta 2-54
2026-03-21 17:12:37,338 INFO o.a.j.t.JMeterThread: Thread started: Carga Alta 2-57
2026-03-21 17:12:37,355 INFO o.a.j.t.JMeterThread: Thread is done: Carga Alta 2-55
2026-03-21 17:12:37,355 INFO o.a.j.t.JMeterThread: Thread finished: Carga Alta 2-55
2026-03-21 17:12:37,437 INFO o.a.j.t.JMeterThread: Thread is done: Carga Alta 2-56
2026-03-21 17:12:37,437 INFO o.a.j.t.JMeterThread: Thread finished: Carga Alta 2-56
2026-03-21 17:12:37,438 INFO o.a.j.t.JMeterThread: Thread started: Carga Alta 2-58
2026-03-21 17:12:37,494 INFO o.a.j.t.JMeterThread: Thread started: Usuarios Concurrentes 1-30
2026-03-21 17:12:37,503 INFO o.a.j.t.JMeterThread: Thread is done: Usuarios Concurrentes 1-29
2026-03-21 17:12:37,503 INFO o.a.j.t.JMeterThread: Thread finished: Usuarios Concurrentes 1-29
2026-03-21 17:12:37,538 INFO o.a.j.t.JMeterThread: Thread started: Carga Alta 2-59
2026-03-21 17:12:37,543 INFO o.a.j.t.JMeterThread: Thread is done: Carga Alta 2-57
2026-03-21 17:12:37,543 INFO o.a.j.t.JMeterThread: Thread finished: Carga Alta 2-57
2026-03-21 17:12:37,638 INFO o.a.j.t.JMeterThread: Thread started: Carga Alta 2-60
2026-03-21 17:12:37,639 INFO o.a.j.t.JMeterThread: Thread is done: Carga Alta 2-58
2026-03-21 17:12:37,639 INFO o.a.j.t.JMeterThread: Thread finished: Carga Alta 2-58
2026-03-21 17:12:37,688 INFO o.a.j.t.JMeterThread: Thread is done: Usuarios Concurrentes 1-30
2026-03-21 17:12:37,688 INFO o.a.j.t.JMeterThread: Thread finished: Usuarios Concurrentes 1-30
2026-03-21 17:12:37,694 INFO o.a.j.t.JMeterThread: Thread started: Usuarios Concurrentes 1-31
2026-03-21 17:12:37,737 INFO o.a.j.t.JMeterThread: Thread started: Carga Alta 2-61
2026-03-21 17:12:37,742 INFO o.a.j.t.JMeterThread: Thread is done: Carga Alta 2-59
2026-03-21 17:12:37,742 INFO o.a.j.t.JMeterThread: Thread finished: Carga Alta 2-59
2026-03-21 17:12:37,837 INFO o.a.j.t.JMeterThread: Thread started: Carga Alta 2-62
2026-03-21 17:12:37,854 INFO o.a.j.t.JMeterThread: Thread is done: Carga Alta 2-60
2026-03-21 17:12:37,854 INFO o.a.j.t.JMeterThread: Thread finished: Carga Alta 2-60
2026-03-21 17:12:37,893 INFO o.a.j.t.JMeterThread: Thread started: Usuarios Concurrentes 1-32
2026-03-21 17:12:37,936 INFO o.a.j.t.JMeterThread: Thread started: Carga Alta 2-63
2026-03-21 17:12:37,944 INFO o.a.j.t.JMeterThread: Thread is done: Carga Alta 2-61
2026-03-21 17:12:37,944 INFO o.a.j.t.JMeterThread: Thread finished: Carga Alta 2-61
2026-03-21 17:12:37,982 INFO o.a.j.t.JMeterThread: Thread is done: Usuarios Concurrentes 1-31
2026-03-21 17:12:37,982 INFO o.a.j.t.JMeterThread: Thread finished: Usuarios Concurrentes 1-31
2026-03-21 17:12:38,037 INFO o.a.j.t.JMeterThread: Thread started: Carga Alta 2-64
2026-03-21 17:12:38,042 INFO o.a.j.t.JMeterThread: Thread is done: Carga Alta 2-62
2026-03-21 17:12:38,042 INFO o.a.j.t.JMeterThread: Thread finished: Carga Alta 2-62
2026-03-21 17:12:38,092 INFO o.a.j.t.JMeterThread: Thread started: Usuarios Concurrentes 1-33
2026-03-21 17:12:38,097 INFO o.a.j.t.JMeterThread: Thread is done: Usuarios Concurrentes 1-32
2026-03-21 17:12:38,097 INFO o.a.j.t.JMeterThread: Thread finished: Usuarios Concurrentes 1-32
2026-03-21 17:12:38,137 INFO o.a.j.t.JMeterThread: Thread started: Carga Alta 2-65
2026-03-21 17:12:38,137 INFO o.a.j.t.JMeterThread: Thread is done: Carga Alta 2-63
2026-03-21 17:12:38,137 INFO o.a.j.t.JMeterThread: Thread finished: Carga Alta 2-63
2026-03-21 17:12:38,236 INFO o.a.j.t.JMeterThread: Thread started: Carga Alta 2-66
2026-03-21 17:12:38,241 INFO o.a.j.t.JMeterThread: Thread is done: Carga Alta 2-64
2026-03-21 17:12:38,242 INFO o.a.j.t.JMeterThread: Thread finished: Carga Alta 2-64
2026-03-21 17:12:38,293 INFO o.a.j.t.JMeterThread: Thread started: Usuarios Concurrentes 1-34
2026-03-21 17:12:38,303 INFO o.a.j.t.JMeterThread: Thread is done: Usuarios Concurrentes 1-33
2026-03-21 17:12:38,304 INFO o.a.j.t.JMeterThread: Thread finished: Usuarios Concurrentes 1-33
2026-03-21 17:12:38,336 INFO o.a.j.t.JMeterThread: Thread started: Carga Alta 2-67
2026-03-21 17:12:38,343 INFO o.a.j.t.JMeterThread: Thread is done: Carga Alta 2-65
2026-03-21 17:12:38,343 INFO o.a.j.t.JMeterThread: Thread finished: Carga Alta 2-65
2026-03-21 17:12:38,437 INFO o.a.j.t.JMeterThread: Thread started: Carga Alta 2-68
2026-03-21 17:12:38,493 INFO o.a.j.t.JMeterThread: Thread started: Usuarios Concurrentes 1-35
2026-03-21 17:12:38,494 INFO o.a.j.t.JMeterThread: Thread is done: Usuarios Concurrentes 1-34
2026-03-21 17:12:38,494 INFO o.a.j.t.JMeterThread: Thread finished: Usuarios Concurrentes 1-34
2026-03-21 17:12:38,532 INFO o.a.j.t.JMeterThread: Thread is done: Carga Alta 2-66
2026-03-21 17:12:38,532 INFO o.a.j.t.JMeterThread: Thread finished: Carga Alta 2-66
2026-03-21 17:12:38,537 INFO o.a.j.t.JMeterThread: Thread started: Carga Alta 2-69
2026-03-21 17:12:38,543 INFO o.a.j.t.JMeterThread: Thread is done: Carga Alta 2-67
2026-03-21 17:12:38,543 INFO o.a.j.t.JMeterThread: Thread finished: Carga Alta 2-67
2026-03-21 17:12:38,636 INFO o.a.j.t.JMeterThread: Thread started: Carga Alta 2-70
2026-03-21 17:12:38,649 INFO o.a.j.t.JMeterThread: Thread is done: Carga Alta 2-68
2026-03-21 17:12:38,649 INFO o.a.j.t.JMeterThread: Thread finished: Carga Alta 2-68
2026-03-21 17:12:38,693 INFO o.a.j.t.JMeterThread: Thread started: Usuarios Concurrentes 1-36
2026-03-21 17:12:38,737 INFO o.a.j.t.JMeterThread: Thread started: Carga Alta 2-71
2026-03-21 17:12:38,757 INFO o.a.j.t.JMeterThread: Thread is done: Carga Alta 2-69
2026-03-21 17:12:38,757 INFO o.a.j.t.JMeterThread: Thread finished: Carga Alta 2-69
2026-03-21 17:12:38,836 INFO o.a.j.t.JMeterThread: Thread started: Carga Alta 2-72
2026-03-21 17:12:38,864 INFO o.a.j.t.JMeterThread: Thread is done: Carga Alta 2-70
2026-03-21 17:12:38,864 INFO o.a.j.t.JMeterThread: Thread finished: Carga Alta 2-70
2026-03-21 17:12:38,893 INFO o.a.j.t.JMeterThread: Thread started: Usuarios Concurrentes 1-37
2026-03-21 17:12:38,938 INFO o.a.j.t.JMeterThread: Thread started: Carga Alta 2-73
2026-03-21 17:12:38,990 INFO o.a.j.t.JMeterThread: Thread is done: Usuarios Concurrentes 1-36
2026-03-21 17:12:38,991 INFO o.a.j.t.JMeterThread: Thread finished: Usuarios Concurrentes 1-36
2026-03-21 17:12:39,036 INFO o.a.j.t.JMeterThread: Thread started: Carga Alta 2-74
2026-03-21 17:12:39,065 INFO o.a.j.t.JMeterThread: Thread is done: Carga Alta 2-72
2026-03-21 17:12:39,065 INFO o.a.j.t.JMeterThread: Thread finished: Carga Alta 2-72
2026-03-21 17:12:39,094 INFO o.a.j.t.JMeterThread: Thread started: Usuarios Concurrentes 1-38
2026-03-21 17:12:39,129 INFO o.a.j.t.JMeterThread: Thread is done: Usuarios Concurrentes 1-37
2026-03-21 17:12:39,129 INFO o.a.j.t.JMeterThread: Thread finished: Usuarios Concurrentes 1-37
2026-03-21 17:12:39,137 INFO o.a.j.t.JMeterThread: Thread started: Carga Alta 2-75
2026-03-21 17:12:39,237 INFO o.a.j.t.JMeterThread: Thread started: Carga Alta 2-76
2026-03-21 17:12:39,239 INFO o.a.j.t.JMeterThread: Thread is done: Carga Alta 2-74
2026-03-21 17:12:39,239 INFO o.a.j.t.JMeterThread: Thread finished: Carga Alta 2-74
2026-03-21 17:12:39,289 INFO o.a.j.t.JMeterThread: Thread is done: Usuarios Concurrentes 1-38
2026-03-21 17:12:39,289 INFO o.a.j.t.JMeterThread: Thread finished: Usuarios Concurrentes 1-38
2026-03-21 17:12:39,294 INFO o.a.j.t.JMeterThread: Thread started: Usuarios Concurrentes 1-39
2026-03-21 17:12:39,303 INFO o.a.j.t.JMeterThread: Thread is done: Carga Alta 2-73
2026-03-21 17:12:39,303 INFO o.a.j.t.JMeterThread: Thread finished: Carga Alta 2-73
2026-03-21 17:12:39,337 INFO o.a.j.t.JMeterThread: Thread started: Carga Alta 2-77
2026-03-21 17:12:39,343 INFO o.a.j.t.JMeterThread: Thread is done: Carga Alta 2-75
2026-03-21 17:12:39,343 INFO o.a.j.t.JMeterThread: Thread finished: Carga Alta 2-75
2026-03-21 17:12:39,437 INFO o.a.j.t.JMeterThread: Thread started: Carga Alta 2-78
2026-03-21 17:12:39,441 INFO o.a.j.t.JMeterThread: Thread is done: Carga Alta 2-76
2026-03-21 17:12:39,441 INFO o.a.j.t.JMeterThread: Thread finished: Carga Alta 2-76
2026-03-21 17:12:39,493 INFO o.a.j.t.JMeterThread: Thread started: Usuarios Concurrentes 1-40
2026-03-21 17:12:39,500 INFO o.a.j.t.JMeterThread: Thread is done: Usuarios Concurrentes 1-39
2026-03-21 17:12:39,500 INFO o.a.j.t.JMeterThread: Thread finished: Usuarios Concurrentes 1-39
2026-03-21 17:12:39,537 INFO o.a.j.t.JMeterThread: Thread started: Carga Alta 2-79
2026-03-21 17:12:39,580 INFO o.a.j.t.JMeterThread: Thread is done: Carga Alta 2-77
2026-03-21 17:12:39,580 INFO o.a.j.t.JMeterThread: Thread finished: Carga Alta 2-77
2026-03-21 17:12:39,637 INFO o.a.j.t.JMeterThread: Thread started: Carga Alta 2-80
2026-03-21 17:12:39,693 INFO o.a.j.t.JMeterThread: Thread started: Usuarios Concurrentes 1-41
2026-03-21 17:12:39,737 INFO o.a.j.t.JMeterThread: Thread started: Carga Alta 2-81
2026-03-21 17:12:39,837 INFO o.a.j.t.JMeterThread: Thread started: Carga Alta 2-82
2026-03-21 17:12:39,894 INFO o.a.j.t.JMeterThread: Thread started: Usuarios Concurrentes 1-42
2026-03-21 17:12:39,938 INFO o.a.j.t.JMeterThread: Thread started: Carga Alta 2-83
2026-03-21 17:12:39,941 INFO o.a.j.t.JMeterThread: Thread is done: Carga Alta 2-78
2026-03-21 17:12:39,941 INFO o.a.j.t.JMeterThread: Thread finished: Carga Alta 2-78
2026-03-21 17:12:39,949 INFO o.a.j.t.JMeterThread: Thread is done: Usuarios Concurrentes 1-40
2026-03-21 17:12:39,949 INFO o.a.j.t.JMeterThread: Thread finished: Usuarios Concurrentes 1-40
2026-03-21 17:12:39,950 INFO o.a.j.t.JMeterThread: Thread is done: Usuarios Concurrentes 1-35
2026-03-21 17:12:39,950 INFO o.a.j.t.JMeterThread: Thread finished: Usuarios Concurrentes 1-35
2026-03-21 17:12:39,953 INFO o.a.j.t.JMeterThread: Thread is done: Carga Alta 2-79
2026-03-21 17:12:39,953 INFO o.a.j.t.JMeterThread: Thread finished: Carga Alta 2-79
2026-03-21 17:12:40,036 INFO o.a.j.t.JMeterThread: Thread started: Carga Alta 2-84
2026-03-21 17:12:40,094 INFO o.a.j.t.JMeterThread: Thread started: Usuarios Concurrentes 1-43
2026-03-21 17:12:40,097 INFO o.a.j.t.JMeterThread: Thread is done: Usuarios Concurrentes 1-41
2026-03-21 17:12:40,097 INFO o.a.j.t.JMeterThread: Thread finished: Usuarios Concurrentes 1-41
2026-03-21 17:12:40,098 INFO o.a.j.t.JMeterThread: Thread is done: Carga Alta 2-82
2026-03-21 17:12:40,098 INFO o.a.j.t.JMeterThread: Thread finished: Carga Alta 2-82
2026-03-21 17:12:40,099 INFO o.a.j.t.JMeterThread: Thread is done: Carga Alta 2-80
2026-03-21 17:12:40,099 INFO o.a.j.t.JMeterThread: Thread finished: Carga Alta 2-80
2026-03-21 17:12:40,099 INFO o.a.j.t.JMeterThread: Thread is done: Carga Alta 2-71
2026-03-21 17:12:40,099 INFO o.a.j.t.JMeterThread: Thread finished: Carga Alta 2-71
2026-03-21 17:12:40,101 INFO o.a.j.t.JMeterThread: Thread is done: Usuarios Concurrentes 1-42
2026-03-21 17:12:40,101 INFO o.a.j.t.JMeterThread: Thread finished: Usuarios Concurrentes 1-42
2026-03-21 17:12:40,136 INFO o.a.j.t.JMeterThread: Thread started: Carga Alta 2-85
2026-03-21 17:12:40,175 INFO o.a.j.t.JMeterThread: Thread is done: Carga Alta 2-83
2026-03-21 17:12:40,175 INFO o.a.j.t.JMeterThread: Thread finished: Carga Alta 2-83
2026-03-21 17:12:40,237 INFO o.a.j.t.JMeterThread: Thread started: Carga Alta 2-86
2026-03-21 17:12:40,250 INFO o.a.j.t.JMeterThread: Thread is done: Carga Alta 2-84
2026-03-21 17:12:40,250 INFO o.a.j.t.JMeterThread: Thread finished: Carga Alta 2-84
2026-03-21 17:12:40,293 INFO o.a.j.t.JMeterThread: Thread started: Usuarios Concurrentes 1-44
2026-03-21 17:12:40,299 INFO o.a.j.t.JMeterThread: Thread is done: Usuarios Concurrentes 1-43
2026-03-21 17:12:40,299 INFO o.a.j.t.JMeterThread: Thread finished: Usuarios Concurrentes 1-43
2026-03-21 17:12:40,335 INFO o.a.j.t.JMeterThread: Thread started: Carga Alta 2-87
2026-03-21 17:12:40,352 INFO o.a.j.t.JMeterThread: Thread is done: Carga Alta 2-85
2026-03-21 17:12:40,352 INFO o.a.j.t.JMeterThread: Thread finished: Carga Alta 2-85
2026-03-21 17:12:40,437 INFO o.a.j.t.JMeterThread: Thread started: Carga Alta 2-88
2026-03-21 17:12:40,453 INFO o.a.j.t.JMeterThread: Thread is done: Carga Alta 2-86
2026-03-21 17:12:40,453 INFO o.a.j.t.JMeterThread: Thread finished: Carga Alta 2-86
2026-03-21 17:12:40,494 INFO o.a.j.t.JMeterThread: Thread started: Usuarios Concurrentes 1-45
2026-03-21 17:12:40,495 INFO o.a.j.t.JMeterThread: Thread is done: Usuarios Concurrentes 1-44
2026-03-21 17:12:40,495 INFO o.a.j.t.JMeterThread: Thread finished: Usuarios Concurrentes 1-44
2026-03-21 17:12:40,536 INFO o.a.j.t.JMeterThread: Thread started: Carga Alta 2-89
2026-03-21 17:12:40,569 INFO o.a.j.t.JMeterThread: Thread is done: Carga Alta 2-87
2026-03-21 17:12:40,569 INFO o.a.j.t.JMeterThread: Thread finished: Carga Alta 2-87
2026-03-21 17:12:40,636 INFO o.a.j.t.JMeterThread: Thread started: Carga Alta 2-90
2026-03-21 17:12:40,645 INFO o.a.j.t.JMeterThread: Thread is done: Carga Alta 2-88
2026-03-21 17:12:40,645 INFO o.a.j.t.JMeterThread: Thread finished: Carga Alta 2-88
2026-03-21 17:12:40,693 INFO o.a.j.t.JMeterThread: Thread started: Usuarios Concurrentes 1-46
2026-03-21 17:12:40,699 INFO o.a.j.t.JMeterThread: Thread is done: Usuarios Concurrentes 1-45
2026-03-21 17:12:40,699 INFO o.a.j.t.JMeterThread: Thread finished: Usuarios Concurrentes 1-45
2026-03-21 17:12:40,737 INFO o.a.j.t.JMeterThread: Thread started: Carga Alta 2-91
2026-03-21 17:12:40,753 INFO o.a.j.t.JMeterThread: Thread is done: Carga Alta 2-89
2026-03-21 17:12:40,753 INFO o.a.j.t.JMeterThread: Thread finished: Carga Alta 2-89
2026-03-21 17:12:40,837 INFO o.a.j.t.JMeterThread: Thread started: Carga Alta 2-92
2026-03-21 17:12:40,847 INFO o.a.j.t.JMeterThread: Thread is done: Carga Alta 2-90
2026-03-21 17:12:40,847 INFO o.a.j.t.JMeterThread: Thread finished: Carga Alta 2-90
2026-03-21 17:12:40,892 INFO o.a.j.t.JMeterThread: Thread started: Usuarios Concurrentes 1-47
2026-03-21 17:12:40,898 INFO o.a.j.t.JMeterThread: Thread is done: Usuarios Concurrentes 1-46
2026-03-21 17:12:40,898 INFO o.a.j.t.JMeterThread: Thread finished: Usuarios Concurrentes 1-46
2026-03-21 17:12:40,937 INFO o.a.j.t.JMeterThread: Thread started: Carga Alta 2-93
2026-03-21 17:12:40,941 INFO o.a.j.t.JMeterThread: Thread is done: Carga Alta 2-91
2026-03-21 17:12:40,941 INFO o.a.j.t.JMeterThread: Thread finished: Carga Alta 2-91
2026-03-21 17:12:40,973 INFO o.a.j.t.JMeterThread: Thread is done: Carga Alta 2-81
2026-03-21 17:12:40,973 INFO o.a.j.t.JMeterThread: Thread finished: Carga Alta 2-81
2026-03-21 17:12:41,038 INFO o.a.j.t.JMeterThread: Thread started: Carga Alta 2-94
2026-03-21 17:12:41,042 INFO o.a.j.t.JMeterThread: Thread is done: Carga Alta 2-92
2026-03-21 17:12:41,042 INFO o.a.j.t.JMeterThread: Thread finished: Carga Alta 2-92
2026-03-21 17:12:41,092 INFO o.a.j.t.JMeterThread: Thread started: Usuarios Concurrentes 1-48
2026-03-21 17:12:41,110 INFO o.a.j.t.JMeterThread: Thread is done: Usuarios Concurrentes 1-47
2026-03-21 17:12:41,110 INFO o.a.j.t.JMeterThread: Thread finished: Usuarios Concurrentes 1-47
2026-03-21 17:12:41,137 INFO o.a.j.t.JMeterThread: Thread started: Carga Alta 2-95
2026-03-21 17:12:41,150 INFO o.a.j.t.JMeterThread: Thread is done: Carga Alta 2-93
2026-03-21 17:12:41,150 INFO o.a.j.t.JMeterThread: Thread finished: Carga Alta 2-93
2026-03-21 17:12:41,237 INFO o.a.j.t.JMeterThread: Thread started: Carga Alta 2-96
2026-03-21 17:12:41,293 INFO o.a.j.t.JMeterThread: Thread started: Usuarios Concurrentes 1-49
2026-03-21 17:12:41,337 INFO o.a.j.t.JMeterThread: Thread started: Carga Alta 2-97
2026-03-21 17:12:41,368 INFO o.a.j.t.JMeterThread: Thread is done: Usuarios Concurrentes 1-48
2026-03-21 17:12:41,368 INFO o.a.j.t.JMeterThread: Thread finished: Usuarios Concurrentes 1-48
2026-03-21 17:12:41,407 INFO o.a.j.t.JMeterThread: Thread is done: Carga Alta 2-95
2026-03-21 17:12:41,407 INFO o.a.j.t.JMeterThread: Thread finished: Carga Alta 2-95
2026-03-21 17:12:41,437 INFO o.a.j.t.JMeterThread: Thread started: Carga Alta 2-98
2026-03-21 17:12:41,493 INFO o.a.j.t.JMeterThread: Thread started: Usuarios Concurrentes 1-50
2026-03-21 17:12:41,514 INFO o.a.j.t.JMeterThread: Thread is done: Usuarios Concurrentes 1-49
2026-03-21 17:12:41,514 INFO o.a.j.t.JMeterThread: Thread finished: Usuarios Concurrentes 1-49
2026-03-21 17:12:41,537 INFO o.a.j.t.JMeterThread: Thread started: Carga Alta 2-99
2026-03-21 17:12:41,550 INFO o.a.j.t.JMeterThread: Thread is done: Carga Alta 2-97
2026-03-21 17:12:41,550 INFO o.a.j.t.JMeterThread: Thread finished: Carga Alta 2-97
2026-03-21 17:12:41,637 INFO o.a.j.t.JMeterThread: Thread started: Carga Alta 2-100
2026-03-21 17:12:41,659 INFO o.a.j.t.JMeterThread: Thread is done: Carga Alta 2-98
2026-03-21 17:12:41,659 INFO o.a.j.t.JMeterThread: Thread finished: Carga Alta 2-98
2026-03-21 17:12:41,700 INFO o.a.j.t.JMeterThread: Thread is done: Usuarios Concurrentes 1-50
2026-03-21 17:12:41,700 INFO o.a.j.t.JMeterThread: Thread finished: Usuarios Concurrentes 1-50
2026-03-21 17:12:41,737 INFO o.a.j.t.JMeterThread: Thread started: Carga Alta 2-101
2026-03-21 17:12:41,837 INFO o.a.j.t.JMeterThread: Thread started: Carga Alta 2-102
2026-03-21 17:12:41,862 INFO o.a.j.t.JMeterThread: Thread is done: Carga Alta 2-100
2026-03-21 17:12:41,863 INFO o.a.j.t.JMeterThread: Thread finished: Carga Alta 2-100
2026-03-21 17:12:41,937 INFO o.a.j.t.JMeterThread: Thread started: Carga Alta 2-103
2026-03-21 17:12:41,948 INFO o.a.j.t.JMeterThread: Thread is done: Carga Alta 2-101
2026-03-21 17:12:41,948 INFO o.a.j.t.JMeterThread: Thread finished: Carga Alta 2-101
2026-03-21 17:12:42,034 INFO o.a.j.t.JMeterThread: Thread is done: Carga Alta 2-102
2026-03-21 17:12:42,034 INFO o.a.j.t.JMeterThread: Thread finished: Carga Alta 2-102
2026-03-21 17:12:42,037 INFO o.a.j.t.JMeterThread: Thread started: Carga Alta 2-104
2026-03-21 17:12:42,143 INFO o.a.j.t.JMeterThread: Thread started: Carga Alta 2-105
2026-03-21 17:12:42,146 INFO o.a.j.t.JMeterThread: Thread is done: Carga Alta 2-103
2026-03-21 17:12:42,146 INFO o.a.j.t.JMeterThread: Thread finished: Carga Alta 2-103
2026-03-21 17:12:42,236 INFO o.a.j.t.JMeterThread: Thread started: Carga Alta 2-106
2026-03-21 17:12:42,242 INFO o.a.j.t.JMeterThread: Thread is done: Carga Alta 2-104
2026-03-21 17:12:42,242 INFO o.a.j.t.JMeterThread: Thread finished: Carga Alta 2-104
2026-03-21 17:12:42,325 INFO o.a.j.t.JMeterThread: Thread is done: Carga Alta 2-94
2026-03-21 17:12:42,325 INFO o.a.j.t.JMeterThread: Thread finished: Carga Alta 2-94
2026-03-21 17:12:42,336 INFO o.a.j.t.JMeterThread: Thread started: Carga Alta 2-107
2026-03-21 17:12:42,416 INFO o.a.j.t.JMeterThread: Thread is done: Carga Alta 2-105
2026-03-21 17:12:42,416 INFO o.a.j.t.JMeterThread: Thread finished: Carga Alta 2-105
2026-03-21 17:12:42,434 INFO o.a.j.t.JMeterThread: Thread is done: Carga Alta 2-106
2026-03-21 17:12:42,434 INFO o.a.j.t.JMeterThread: Thread finished: Carga Alta 2-106
2026-03-21 17:12:42,436 INFO o.a.j.t.JMeterThread: Thread started: Carga Alta 2-108
2026-03-21 17:12:42,454 INFO o.a.j.t.JMeterThread: Thread is done: Carga Alta 2-96
2026-03-21 17:12:42,454 INFO o.a.j.t.JMeterThread: Thread finished: Carga Alta 2-96
2026-03-21 17:12:42,537 INFO o.a.j.t.JMeterThread: Thread started: Carga Alta 2-109
2026-03-21 17:12:42,545 INFO o.a.j.t.JMeterThread: Thread is done: Carga Alta 2-107
2026-03-21 17:12:42,545 INFO o.a.j.t.JMeterThread: Thread finished: Carga Alta 2-107
2026-03-21 17:12:42,636 INFO o.a.j.t.JMeterThread: Thread started: Carga Alta 2-110
2026-03-21 17:12:42,644 INFO o.a.j.t.JMeterThread: Thread is done: Carga Alta 2-108
2026-03-21 17:12:42,644 INFO o.a.j.t.JMeterThread: Thread finished: Carga Alta 2-108
2026-03-21 17:12:42,737 INFO o.a.j.t.JMeterThread: Thread started: Carga Alta 2-111
2026-03-21 17:12:42,759 INFO o.a.j.t.JMeterThread: Thread is done: Carga Alta 2-109
2026-03-21 17:12:42,759 INFO o.a.j.t.JMeterThread: Thread finished: Carga Alta 2-109
2026-03-21 17:12:42,760 INFO o.a.j.t.JMeterThread: Thread is done: Carga Alta 2-99
2026-03-21 17:12:42,760 INFO o.a.j.t.JMeterThread: Thread finished: Carga Alta 2-99
2026-03-21 17:12:42,837 INFO o.a.j.t.JMeterThread: Thread started: Carga Alta 2-112
2026-03-21 17:12:42,837 INFO o.a.j.t.JMeterThread: Thread is done: Carga Alta 2-110
2026-03-21 17:12:42,837 INFO o.a.j.t.JMeterThread: Thread finished: Carga Alta 2-110
2026-03-21 17:12:42,940 INFO o.a.j.t.JMeterThread: Thread started: Carga Alta 2-113
2026-03-21 17:12:42,941 INFO o.a.j.t.JMeterThread: Thread is done: Carga Alta 2-111
2026-03-21 17:12:42,941 INFO o.a.j.t.JMeterThread: Thread finished: Carga Alta 2-111
2026-03-21 17:12:43,039 INFO o.a.j.t.JMeterThread: Thread started: Carga Alta 2-114
2026-03-21 17:12:43,057 INFO o.a.j.t.JMeterThread: Thread is done: Carga Alta 2-112
2026-03-21 17:12:43,057 INFO o.a.j.t.JMeterThread: Thread finished: Carga Alta 2-112
2026-03-21 17:12:43,140 INFO o.a.j.t.JMeterThread: Thread started: Carga Alta 2-115
2026-03-21 17:12:43,147 INFO o.a.j.t.JMeterThread: Thread is done: Carga Alta 2-113
2026-03-21 17:12:43,147 INFO o.a.j.t.JMeterThread: Thread finished: Carga Alta 2-113
2026-03-21 17:12:43,240 INFO o.a.j.t.JMeterThread: Thread started: Carga Alta 2-116
2026-03-21 17:12:43,252 INFO o.a.j.t.JMeterThread: Thread is done: Carga Alta 2-114
2026-03-21 17:12:43,252 INFO o.a.j.t.JMeterThread: Thread finished: Carga Alta 2-114
2026-03-21 17:12:43,339 INFO o.a.j.t.JMeterThread: Thread started: Carga Alta 2-117
2026-03-21 17:12:43,358 INFO o.a.j.t.JMeterThread: Thread is done: Carga Alta 2-115
2026-03-21 17:12:43,358 INFO o.a.j.t.JMeterThread: Thread finished: Carga Alta 2-115
2026-03-21 17:12:43,438 INFO o.a.j.t.JMeterThread: Thread started: Carga Alta 2-118
2026-03-21 17:12:43,463 INFO o.a.j.t.JMeterThread: Thread is done: Carga Alta 2-116
2026-03-21 17:12:43,463 INFO o.a.j.t.JMeterThread: Thread finished: Carga Alta 2-116
2026-03-21 17:12:43,537 INFO o.a.j.t.JMeterThread: Thread started: Carga Alta 2-119
2026-03-21 17:12:43,561 INFO o.a.j.t.JMeterThread: Thread is done: Carga Alta 2-117
2026-03-21 17:12:43,561 INFO o.a.j.t.JMeterThread: Thread finished: Carga Alta 2-117
2026-03-21 17:12:43,639 INFO o.a.j.t.JMeterThread: Thread started: Carga Alta 2-120
2026-03-21 17:12:43,643 INFO o.a.j.t.JMeterThread: Thread is done: Carga Alta 2-118
2026-03-21 17:12:43,644 INFO o.a.j.t.JMeterThread: Thread finished: Carga Alta 2-118
2026-03-21 17:12:43,741 INFO o.a.j.t.JMeterThread: Thread is done: Carga Alta 2-119
2026-03-21 17:12:43,741 INFO o.a.j.t.JMeterThread: Thread finished: Carga Alta 2-119
2026-03-21 17:12:43,742 INFO o.a.j.t.JMeterThread: Thread started: Carga Alta 2-121
2026-03-21 17:12:43,842 INFO o.a.j.t.JMeterThread: Thread started: Carga Alta 2-122
2026-03-21 17:12:43,847 INFO o.a.j.t.JMeterThread: Thread is done: Carga Alta 2-120
2026-03-21 17:12:43,847 INFO o.a.j.t.JMeterThread: Thread finished: Carga Alta 2-120
2026-03-21 17:12:43,941 INFO o.a.j.t.JMeterThread: Thread started: Carga Alta 2-123
2026-03-21 17:12:44,042 INFO o.a.j.t.JMeterThread: Thread started: Carga Alta 2-124
2026-03-21 17:12:44,056 INFO o.a.j.t.JMeterThread: Thread is done: Carga Alta 2-122
2026-03-21 17:12:44,056 INFO o.a.j.t.JMeterThread: Thread finished: Carga Alta 2-122
2026-03-21 17:12:44,141 INFO o.a.j.t.JMeterThread: Thread started: Carga Alta 2-125
2026-03-21 17:12:44,242 INFO o.a.j.t.JMeterThread: Thread started: Carga Alta 2-126
2026-03-21 17:12:44,247 INFO o.a.j.t.JMeterThread: Thread is done: Carga Alta 2-124
2026-03-21 17:12:44,247 INFO o.a.j.t.JMeterThread: Thread finished: Carga Alta 2-124
2026-03-21 17:12:44,341 INFO o.a.j.t.JMeterThread: Thread started: Carga Alta 2-127
2026-03-21 17:12:44,374 INFO o.a.j.t.JMeterThread: Thread is done: Carga Alta 2-125
2026-03-21 17:12:44,374 INFO o.a.j.t.JMeterThread: Thread finished: Carga Alta 2-125
2026-03-21 17:12:44,440 INFO o.a.j.t.JMeterThread: Thread started: Carga Alta 2-128
2026-03-21 17:12:44,541 INFO o.a.j.t.JMeterThread: Thread started: Carga Alta 2-129
2026-03-21 17:12:44,544 INFO o.a.j.t.JMeterThread: Thread is done: Carga Alta 2-127
2026-03-21 17:12:44,544 INFO o.a.j.t.JMeterThread: Thread finished: Carga Alta 2-127
2026-03-21 17:12:44,638 INFO o.a.j.t.JMeterThread: Thread started: Carga Alta 2-130
2026-03-21 17:12:44,739 INFO o.a.j.t.JMeterThread: Thread started: Carga Alta 2-131
2026-03-21 17:12:44,829 INFO o.a.j.t.JMeterThread: Thread is done: Carga Alta 2-129
2026-03-21 17:12:44,829 INFO o.a.j.t.JMeterThread: Thread finished: Carga Alta 2-129
2026-03-21 17:12:44,838 INFO o.a.j.t.JMeterThread: Thread started: Carga Alta 2-132
2026-03-21 17:12:44,894 INFO o.a.j.t.JMeterThread: Thread is done: Carga Alta 2-130
2026-03-21 17:12:44,894 INFO o.a.j.t.JMeterThread: Thread finished: Carga Alta 2-130
2026-03-21 17:12:44,940 INFO o.a.j.t.JMeterThread: Thread started: Carga Alta 2-133
2026-03-21 17:12:45,038 INFO o.a.j.t.JMeterThread: Thread started: Carga Alta 2-134
2026-03-21 17:12:45,121 INFO o.a.j.t.JMeterThread: Thread is done: Carga Alta 2-132
2026-03-21 17:12:45,121 INFO o.a.j.t.JMeterThread: Thread finished: Carga Alta 2-132
2026-03-21 17:12:45,124 INFO o.a.j.t.JMeterThread: Thread is done: Carga Alta 2-121
2026-03-21 17:12:45,124 INFO o.a.j.t.JMeterThread: Thread finished: Carga Alta 2-121
2026-03-21 17:12:45,138 INFO o.a.j.t.JMeterThread: Thread started: Carga Alta 2-135
2026-03-21 17:12:45,241 INFO o.a.j.t.JMeterThread: Thread started: Carga Alta 2-136
2026-03-21 17:12:45,242 INFO o.a.j.t.JMeterThread: Thread is done: Carga Alta 2-133
2026-03-21 17:12:45,243 INFO o.a.j.t.JMeterThread: Thread finished: Carga Alta 2-133
2026-03-21 17:12:45,247 INFO o.a.j.t.JMeterThread: Thread is done: Carga Alta 2-123
2026-03-21 17:12:45,247 INFO o.a.j.t.JMeterThread: Thread finished: Carga Alta 2-123
2026-03-21 17:12:45,339 INFO o.a.j.t.JMeterThread: Thread started: Carga Alta 2-137
2026-03-21 17:12:45,341 INFO o.a.j.t.JMeterThread: Thread is done: Carga Alta 2-135
2026-03-21 17:12:45,341 INFO o.a.j.t.JMeterThread: Thread finished: Carga Alta 2-135
2026-03-21 17:12:45,402 INFO o.a.j.t.JMeterThread: Thread is done: Carga Alta 2-134
2026-03-21 17:12:45,403 INFO o.a.j.t.JMeterThread: Thread finished: Carga Alta 2-134
2026-03-21 17:12:45,438 INFO o.a.j.t.JMeterThread: Thread started: Carga Alta 2-138
2026-03-21 17:12:45,498 INFO o.a.j.t.JMeterThread: Thread is done: Carga Alta 2-126
2026-03-21 17:12:45,499 INFO o.a.j.t.JMeterThread: Thread finished: Carga Alta 2-126
2026-03-21 17:12:45,537 INFO o.a.j.t.JMeterThread: Thread started: Carga Alta 2-139
2026-03-21 17:12:45,553 INFO o.a.j.t.JMeterThread: Thread is done: Carga Alta 2-137
2026-03-21 17:12:45,553 INFO o.a.j.t.JMeterThread: Thread finished: Carga Alta 2-137
2026-03-21 17:12:45,637 INFO o.a.j.t.JMeterThread: Thread started: Carga Alta 2-140
2026-03-21 17:12:45,650 INFO o.a.j.t.JMeterThread: Thread is done: Carga Alta 2-138
2026-03-21 17:12:45,650 INFO o.a.j.t.JMeterThread: Thread finished: Carga Alta 2-138
2026-03-21 17:12:45,660 INFO o.a.j.t.JMeterThread: Thread is done: Carga Alta 2-128
2026-03-21 17:12:45,661 INFO o.a.j.t.JMeterThread: Thread finished: Carga Alta 2-128
2026-03-21 17:12:45,739 INFO o.a.j.t.JMeterThread: Thread started: Carga Alta 2-141
2026-03-21 17:12:45,819 INFO o.a.j.t.JMeterThread: Thread is done: Carga Alta 2-139
2026-03-21 17:12:45,819 INFO o.a.j.t.JMeterThread: Thread finished: Carga Alta 2-139
2026-03-21 17:12:45,836 INFO o.a.j.t.JMeterThread: Thread started: Carga Alta 2-142
2026-03-21 17:12:45,847 INFO o.a.j.t.JMeterThread: Thread is done: Carga Alta 2-140
2026-03-21 17:12:45,847 INFO o.a.j.t.JMeterThread: Thread finished: Carga Alta 2-140
2026-03-21 17:12:45,937 INFO o.a.j.t.JMeterThread: Thread started: Carga Alta 2-143
2026-03-21 17:12:45,955 INFO o.a.j.t.JMeterThread: Thread is done: Carga Alta 2-131
2026-03-21 17:12:45,955 INFO o.a.j.t.JMeterThread: Thread finished: Carga Alta 2-131
2026-03-21 17:12:46,018 INFO o.a.j.t.JMeterThread: Thread is done: Carga Alta 2-141
2026-03-21 17:12:46,018 INFO o.a.j.t.JMeterThread: Thread finished: Carga Alta 2-141
2026-03-21 17:12:46,036 INFO o.a.j.t.JMeterThread: Thread started: Carga Alta 2-144
2026-03-21 17:12:46,037 INFO o.a.j.t.JMeterThread: Thread is done: Carga Alta 2-142
2026-03-21 17:12:46,037 INFO o.a.j.t.JMeterThread: Thread finished: Carga Alta 2-142
2026-03-21 17:12:46,137 INFO o.a.j.t.JMeterThread: Thread started: Carga Alta 2-145
2026-03-21 17:12:46,162 INFO o.a.j.t.JMeterThread: Thread is done: Carga Alta 2-143
2026-03-21 17:12:46,162 INFO o.a.j.t.JMeterThread: Thread finished: Carga Alta 2-143
2026-03-21 17:12:46,236 INFO o.a.j.t.JMeterThread: Thread started: Carga Alta 2-146
2026-03-21 17:12:46,239 INFO o.a.j.t.JMeterThread: Thread is done: Carga Alta 2-144
2026-03-21 17:12:46,239 INFO o.a.j.t.JMeterThread: Thread finished: Carga Alta 2-144
2026-03-21 17:12:46,337 INFO o.a.j.t.JMeterThread: Thread started: Carga Alta 2-147
2026-03-21 17:12:46,345 INFO o.a.j.t.JMeterThread: Thread is done: Carga Alta 2-145
2026-03-21 17:12:46,345 INFO o.a.j.t.JMeterThread: Thread finished: Carga Alta 2-145
2026-03-21 17:12:46,437 INFO o.a.j.t.JMeterThread: Thread started: Carga Alta 2-148
2026-03-21 17:12:46,448 INFO o.a.j.t.JMeterThread: Thread is done: Carga Alta 2-146
2026-03-21 17:12:46,449 INFO o.a.j.t.JMeterThread: Thread finished: Carga Alta 2-146
2026-03-21 17:12:46,468 INFO o.a.j.t.JMeterThread: Thread is done: Carga Alta 2-136
2026-03-21 17:12:46,468 INFO o.a.j.t.JMeterThread: Thread finished: Carga Alta 2-136
2026-03-21 17:12:46,538 INFO o.a.j.t.JMeterThread: Thread started: Carga Alta 2-149
2026-03-21 17:12:46,547 INFO o.a.j.t.JMeterThread: Thread is done: Carga Alta 2-147
2026-03-21 17:12:46,547 INFO o.a.j.t.JMeterThread: Thread finished: Carga Alta 2-147
2026-03-21 17:12:46,637 INFO o.a.j.t.JMeterThread: Thread started: Carga Alta 2-150
2026-03-21 17:12:46,644 INFO o.a.j.t.JMeterThread: Thread is done: Carga Alta 2-148
2026-03-21 17:12:46,644 INFO o.a.j.t.JMeterThread: Thread finished: Carga Alta 2-148
2026-03-21 17:12:46,737 INFO o.a.j.t.JMeterThread: Thread started: Carga Alta 2-151
2026-03-21 17:12:46,751 INFO o.a.j.t.JMeterThread: Thread is done: Carga Alta 2-149
2026-03-21 17:12:46,751 INFO o.a.j.t.JMeterThread: Thread finished: Carga Alta 2-149
2026-03-21 17:12:46,836 INFO o.a.j.t.JMeterThread: Thread started: Carga Alta 2-152
2026-03-21 17:12:46,936 INFO o.a.j.t.JMeterThread: Thread started: Carga Alta 2-153
2026-03-21 17:12:46,945 INFO o.a.j.t.JMeterThread: Thread is done: Carga Alta 2-151
2026-03-21 17:12:46,946 INFO o.a.j.t.JMeterThread: Thread finished: Carga Alta 2-151
2026-03-21 17:12:47,037 INFO o.a.j.t.JMeterThread: Thread started: Carga Alta 2-154
2026-03-21 17:12:47,044 INFO o.a.j.t.JMeterThread: Thread is done: Carga Alta 2-152
2026-03-21 17:12:47,044 INFO o.a.j.t.JMeterThread: Thread finished: Carga Alta 2-152
2026-03-21 17:12:47,138 INFO o.a.j.t.JMeterThread: Thread started: Carga Alta 2-155
2026-03-21 17:12:47,155 INFO o.a.j.t.JMeterThread: Thread is done: Carga Alta 2-153
2026-03-21 17:12:47,156 INFO o.a.j.t.JMeterThread: Thread finished: Carga Alta 2-153
2026-03-21 17:12:47,237 INFO o.a.j.t.JMeterThread: Thread started: Carga Alta 2-156
2026-03-21 17:12:47,308 INFO o.a.j.t.JMeterThread: Thread is done: Carga Alta 2-154
2026-03-21 17:12:47,308 INFO o.a.j.t.JMeterThread: Thread finished: Carga Alta 2-154
2026-03-21 17:12:47,337 INFO o.a.j.t.JMeterThread: Thread started: Carga Alta 2-157
2026-03-21 17:12:47,420 INFO o.a.j.t.JMeterThread: Thread is done: Carga Alta 2-155
2026-03-21 17:12:47,420 INFO o.a.j.t.JMeterThread: Thread finished: Carga Alta 2-155
2026-03-21 17:12:47,438 INFO o.a.j.t.JMeterThread: Thread started: Carga Alta 2-158
2026-03-21 17:12:47,453 INFO o.a.j.t.JMeterThread: Thread is done: Carga Alta 2-156
2026-03-21 17:12:47,453 INFO o.a.j.t.JMeterThread: Thread finished: Carga Alta 2-156
2026-03-21 17:12:47,537 INFO o.a.j.t.JMeterThread: Thread started: Carga Alta 2-159
2026-03-21 17:12:47,639 INFO o.a.j.t.JMeterThread: Thread started: Carga Alta 2-160
2026-03-21 17:12:47,737 INFO o.a.j.t.JMeterThread: Thread started: Carga Alta 2-161
2026-03-21 17:12:47,746 INFO o.a.j.t.JMeterThread: Thread is done: Carga Alta 2-159
2026-03-21 17:12:47,746 INFO o.a.j.t.JMeterThread: Thread finished: Carga Alta 2-159
2026-03-21 17:12:47,836 INFO o.a.j.t.JMeterThread: Thread started: Carga Alta 2-162
2026-03-21 17:12:47,846 INFO o.a.j.t.JMeterThread: Thread is done: Carga Alta 2-160
2026-03-21 17:12:47,846 INFO o.a.j.t.JMeterThread: Thread finished: Carga Alta 2-160
2026-03-21 17:12:47,863 INFO o.a.j.t.JMeterThread: Thread is done: Carga Alta 2-150
2026-03-21 17:12:47,863 INFO o.a.j.t.JMeterThread: Thread finished: Carga Alta 2-150
2026-03-21 17:12:47,937 INFO o.a.j.t.JMeterThread: Thread started: Carga Alta 2-163
2026-03-21 17:12:47,944 INFO o.a.j.t.JMeterThread: Thread is done: Carga Alta 2-161
2026-03-21 17:12:47,944 INFO o.a.j.t.JMeterThread: Thread finished: Carga Alta 2-161
2026-03-21 17:12:48,036 INFO o.a.j.t.JMeterThread: Thread started: Carga Alta 2-164
2026-03-21 17:12:48,043 INFO o.a.j.t.JMeterThread: Thread is done: Carga Alta 2-162
2026-03-21 17:12:48,043 INFO o.a.j.t.JMeterThread: Thread finished: Carga Alta 2-162
2026-03-21 17:12:48,135 INFO o.a.j.t.JMeterThread: Thread started: Carga Alta 2-165
2026-03-21 17:12:48,238 INFO o.a.j.t.JMeterThread: Thread started: Carga Alta 2-166
2026-03-21 17:12:48,327 INFO o.a.j.t.JMeterThread: Thread is done: Carga Alta 2-164
2026-03-21 17:12:48,327 INFO o.a.j.t.JMeterThread: Thread finished: Carga Alta 2-164
2026-03-21 17:12:48,339 INFO o.a.j.t.JMeterThread: Thread started: Carga Alta 2-167
2026-03-21 17:12:48,348 INFO o.a.j.t.JMeterThread: Thread is done: Carga Alta 2-165
2026-03-21 17:12:48,349 INFO o.a.j.t.JMeterThread: Thread finished: Carga Alta 2-165
2026-03-21 17:12:48,436 INFO o.a.j.t.JMeterThread: Thread started: Carga Alta 2-168
2026-03-21 17:12:48,442 INFO o.a.j.t.JMeterThread: Thread is done: Carga Alta 2-166
2026-03-21 17:12:48,442 INFO o.a.j.t.JMeterThread: Thread finished: Carga Alta 2-166
2026-03-21 17:12:48,537 INFO o.a.j.t.JMeterThread: Thread started: Carga Alta 2-169
2026-03-21 17:12:48,554 INFO o.a.j.t.JMeterThread: Thread is done: Carga Alta 2-157
2026-03-21 17:12:48,554 INFO o.a.j.t.JMeterThread: Thread finished: Carga Alta 2-157
2026-03-21 17:12:48,638 INFO o.a.j.t.JMeterThread: Thread started: Carga Alta 2-170
2026-03-21 17:12:48,642 INFO o.a.j.t.JMeterThread: Thread is done: Carga Alta 2-158
2026-03-21 17:12:48,643 INFO o.a.j.t.JMeterThread: Thread finished: Carga Alta 2-158
2026-03-21 17:12:48,650 INFO o.a.j.t.JMeterThread: Thread is done: Carga Alta 2-168
2026-03-21 17:12:48,650 INFO o.a.j.t.JMeterThread: Thread finished: Carga Alta 2-168
2026-03-21 17:12:48,737 INFO o.a.j.t.JMeterThread: Thread started: Carga Alta 2-171
2026-03-21 17:12:48,838 INFO o.a.j.t.JMeterThread: Thread started: Carga Alta 2-172
2026-03-21 17:12:48,848 INFO o.a.j.t.JMeterThread: Thread is done: Carga Alta 2-170
2026-03-21 17:12:48,848 INFO o.a.j.t.JMeterThread: Thread finished: Carga Alta 2-170
2026-03-21 17:12:48,937 INFO o.a.j.t.JMeterThread: Thread started: Carga Alta 2-173
2026-03-21 17:12:49,037 INFO o.a.j.t.JMeterThread: Thread started: Carga Alta 2-174
2026-03-21 17:12:49,059 INFO o.a.j.t.JMeterThread: Thread is done: Carga Alta 2-172
2026-03-21 17:12:49,059 INFO o.a.j.t.JMeterThread: Thread finished: Carga Alta 2-172
2026-03-21 17:12:49,137 INFO o.a.j.t.JMeterThread: Thread started: Carga Alta 2-175
2026-03-21 17:12:49,181 INFO o.a.j.t.JMeterThread: Thread is done: Carga Alta 2-163
2026-03-21 17:12:49,181 INFO o.a.j.t.JMeterThread: Thread finished: Carga Alta 2-163
2026-03-21 17:12:49,238 INFO o.a.j.t.JMeterThread: Thread started: Carga Alta 2-176
2026-03-21 17:12:49,249 INFO o.a.j.t.JMeterThread: Thread is done: Carga Alta 2-174
2026-03-21 17:12:49,249 INFO o.a.j.t.JMeterThread: Thread finished: Carga Alta 2-174
2026-03-21 17:12:49,336 INFO o.a.j.t.JMeterThread: Thread started: Carga Alta 2-177
2026-03-21 17:12:49,357 INFO o.a.j.t.JMeterThread: Thread is done: Carga Alta 2-175
2026-03-21 17:12:49,357 INFO o.a.j.t.JMeterThread: Thread finished: Carga Alta 2-175
2026-03-21 17:12:49,435 INFO o.a.j.t.JMeterThread: Thread started: Carga Alta 2-178
2026-03-21 17:12:49,450 INFO o.a.j.t.JMeterThread: Thread is done: Carga Alta 2-176
2026-03-21 17:12:49,450 INFO o.a.j.t.JMeterThread: Thread finished: Carga Alta 2-176
2026-03-21 17:12:49,537 INFO o.a.j.t.JMeterThread: Thread started: Carga Alta 2-179
2026-03-21 17:12:49,547 INFO o.a.j.t.JMeterThread: Thread is done: Carga Alta 2-167
2026-03-21 17:12:49,547 INFO o.a.j.t.JMeterThread: Thread finished: Carga Alta 2-167
2026-03-21 17:12:49,549 INFO o.a.j.t.JMeterThread: Thread is done: Carga Alta 2-177
2026-03-21 17:12:49,549 INFO o.a.j.t.JMeterThread: Thread finished: Carga Alta 2-177
2026-03-21 17:12:49,637 INFO o.a.j.t.JMeterThread: Thread started: Carga Alta 2-180
2026-03-21 17:12:49,642 INFO o.a.j.t.JMeterThread: Thread is done: Carga Alta 2-178
2026-03-21 17:12:49,642 INFO o.a.j.t.JMeterThread: Thread finished: Carga Alta 2-178
2026-03-21 17:12:49,738 INFO o.a.j.t.JMeterThread: Thread started: Carga Alta 2-181
2026-03-21 17:12:49,772 INFO o.a.j.t.JMeterThread: Thread is done: Carga Alta 2-169
2026-03-21 17:12:49,772 INFO o.a.j.t.JMeterThread: Thread finished: Carga Alta 2-169
2026-03-21 17:12:49,835 INFO o.a.j.t.JMeterThread: Thread is done: Carga Alta 2-179
2026-03-21 17:12:49,836 INFO o.a.j.t.JMeterThread: Thread finished: Carga Alta 2-179
2026-03-21 17:12:49,837 INFO o.a.j.t.JMeterThread: Thread started: Carga Alta 2-182
2026-03-21 17:12:49,915 INFO o.a.j.t.JMeterThread: Thread is done: Carga Alta 2-180
2026-03-21 17:12:49,915 INFO o.a.j.t.JMeterThread: Thread finished: Carga Alta 2-180
2026-03-21 17:12:49,938 INFO o.a.j.t.JMeterThread: Thread started: Carga Alta 2-183
2026-03-21 17:12:49,962 INFO o.a.j.t.JMeterThread: Thread is done: Carga Alta 2-181
2026-03-21 17:12:49,962 INFO o.a.j.t.JMeterThread: Thread finished: Carga Alta 2-181
2026-03-21 17:12:49,993 INFO o.a.j.t.JMeterThread: Thread is done: Carga Alta 2-171
2026-03-21 17:12:49,993 INFO o.a.j.t.JMeterThread: Thread finished: Carga Alta 2-171
2026-03-21 17:12:50,037 INFO o.a.j.t.JMeterThread: Thread started: Carga Alta 2-184
2026-03-21 17:12:50,136 INFO o.a.j.t.JMeterThread: Thread is done: Carga Alta 2-183
2026-03-21 17:12:50,137 INFO o.a.j.t.JMeterThread: Thread finished: Carga Alta 2-183
2026-03-21 17:12:50,137 INFO o.a.j.t.JMeterThread: Thread started: Carga Alta 2-185
2026-03-21 17:12:50,165 INFO o.a.j.t.JMeterThread: Thread is done: Carga Alta 2-173
2026-03-21 17:12:50,165 INFO o.a.j.t.JMeterThread: Thread finished: Carga Alta 2-173
2026-03-21 17:12:50,238 INFO o.a.j.t.JMeterThread: Thread started: Carga Alta 2-186
2026-03-21 17:12:50,336 INFO o.a.j.t.JMeterThread: Thread started: Carga Alta 2-187
2026-03-21 17:12:50,358 INFO o.a.j.t.JMeterThread: Thread is done: Carga Alta 2-185
2026-03-21 17:12:50,358 INFO o.a.j.t.JMeterThread: Thread finished: Carga Alta 2-185
2026-03-21 17:12:50,436 INFO o.a.j.t.JMeterThread: Thread started: Carga Alta 2-188
2026-03-21 17:12:50,538 INFO o.a.j.t.JMeterThread: Thread started: Carga Alta 2-189
2026-03-21 17:12:50,639 INFO o.a.j.t.JMeterThread: Thread started: Carga Alta 2-190
2026-03-21 17:12:50,707 INFO o.a.j.t.JMeterThread: Thread is done: Carga Alta 2-188
2026-03-21 17:12:50,707 INFO o.a.j.t.JMeterThread: Thread finished: Carga Alta 2-188
2026-03-21 17:12:50,737 INFO o.a.j.t.JMeterThread: Thread started: Carga Alta 2-191
2026-03-21 17:12:50,747 INFO o.a.j.t.JMeterThread: Thread is done: Carga Alta 2-189
2026-03-21 17:12:50,747 INFO o.a.j.t.JMeterThread: Thread finished: Carga Alta 2-189
2026-03-21 17:12:50,838 INFO o.a.j.t.JMeterThread: Thread started: Carga Alta 2-192
2026-03-21 17:12:50,855 INFO o.a.j.t.JMeterThread: Thread is done: Carga Alta 2-190
2026-03-21 17:12:50,855 INFO o.a.j.t.JMeterThread: Thread finished: Carga Alta 2-190
2026-03-21 17:12:50,937 INFO o.a.j.t.JMeterThread: Thread started: Carga Alta 2-193
2026-03-21 17:12:50,937 INFO o.a.j.t.JMeterThread: Thread is done: Carga Alta 2-191
2026-03-21 17:12:50,937 INFO o.a.j.t.JMeterThread: Thread finished: Carga Alta 2-191
2026-03-21 17:12:51,038 INFO o.a.j.t.JMeterThread: Thread started: Carga Alta 2-194
2026-03-21 17:12:51,052 INFO o.a.j.t.JMeterThread: Thread is done: Carga Alta 2-182
2026-03-21 17:12:51,052 INFO o.a.j.t.JMeterThread: Thread finished: Carga Alta 2-182
2026-03-21 17:12:51,054 INFO o.a.j.t.JMeterThread: Thread is done: Carga Alta 2-192
2026-03-21 17:12:51,054 INFO o.a.j.t.JMeterThread: Thread finished: Carga Alta 2-192
2026-03-21 17:12:51,138 INFO o.a.j.t.JMeterThread: Thread started: Carga Alta 2-195
2026-03-21 17:12:51,143 INFO o.a.j.t.JMeterThread: Thread is done: Carga Alta 2-193
2026-03-21 17:12:51,143 INFO o.a.j.t.JMeterThread: Thread finished: Carga Alta 2-193
2026-03-21 17:12:51,237 INFO o.a.j.t.JMeterThread: Thread started: Carga Alta 2-196
2026-03-21 17:12:51,245 INFO o.a.j.t.JMeterThread: Thread is done: Carga Alta 2-194
2026-03-21 17:12:51,245 INFO o.a.j.t.JMeterThread: Thread finished: Carga Alta 2-194
2026-03-21 17:12:51,257 INFO o.a.j.t.JMeterThread: Thread is done: Carga Alta 2-184
2026-03-21 17:12:51,257 INFO o.a.j.t.JMeterThread: Thread finished: Carga Alta 2-184
2026-03-21 17:12:51,336 INFO o.a.j.t.JMeterThread: Thread started: Carga Alta 2-197
2026-03-21 17:12:51,351 INFO o.a.j.t.JMeterThread: Thread is done: Carga Alta 2-195
2026-03-21 17:12:51,352 INFO o.a.j.t.JMeterThread: Thread finished: Carga Alta 2-195
2026-03-21 17:12:51,437 INFO o.a.j.t.JMeterThread: Thread started: Carga Alta 2-198
2026-03-21 17:12:51,448 INFO o.a.j.t.JMeterThread: Thread is done: Carga Alta 2-196
2026-03-21 17:12:51,448 INFO o.a.j.t.JMeterThread: Thread finished: Carga Alta 2-196
2026-03-21 17:12:51,453 INFO o.a.j.t.JMeterThread: Thread is done: Carga Alta 2-186
2026-03-21 17:12:51,453 INFO o.a.j.t.JMeterThread: Thread finished: Carga Alta 2-186
2026-03-21 17:12:51,538 INFO o.a.j.t.JMeterThread: Thread started: Carga Alta 2-199
2026-03-21 17:12:51,549 INFO o.a.j.t.JMeterThread: Thread is done: Carga Alta 2-187
2026-03-21 17:12:51,549 INFO o.a.j.t.JMeterThread: Thread finished: Carga Alta 2-187
2026-03-21 17:12:51,551 INFO o.a.j.t.JMeterThread: Thread is done: Carga Alta 2-197
2026-03-21 17:12:51,551 INFO o.a.j.t.JMeterThread: Thread finished: Carga Alta 2-197
2026-03-21 17:12:51,639 INFO o.a.j.t.JMeterThread: Thread started: Carga Alta 2-200
2026-03-21 17:12:51,753 INFO o.a.j.t.JMeterThread: Thread is done: Carga Alta 2-199
2026-03-21 17:12:51,753 INFO o.a.j.t.JMeterThread: Thread finished: Carga Alta 2-199
2026-03-21 17:12:52,648 INFO o.a.j.t.JMeterThread: Thread is done: Carga Alta 2-198
2026-03-21 17:12:52,648 INFO o.a.j.t.JMeterThread: Thread finished: Carga Alta 2-198
2026-03-21 17:12:52,849 INFO o.a.j.t.JMeterThread: Thread is done: Carga Alta 2-200
2026-03-21 17:12:52,849 INFO o.a.j.t.JMeterThread: Thread finished: Carga Alta 2-200
2026-03-21 17:12:52,849 INFO o.a.j.e.StandardJMeterEngine: Notifying test listeners of end of test
2026-03-21 17:12:52,849 INFO o.a.j.g.u.JMeterMenuBar: setRunning(false, *local*)
2026-03-21 17:18:07,308 INFO o.a.j.g.a.Load: Loading file: C:\Users\he_an\Documents\qa-bootcamp-portfolio\04-performance-jmeter\jsonplaceholder-load-test.jmx
2026-03-21 17:18:07,308 INFO o.a.j.s.FileServer: Set new base='C:\Users\he_an\Documents\qa-bootcamp-portfolio\04-performance-jmeter'
2026-03-21 17:18:07,308 INFO o.a.j.s.SaveService: Loading file: C:\Users\he_an\Documents\qa-bootcamp-portfolio\04-performance-jmeter\jsonplaceholder-load-test.jmx
2026-03-21 17:18:07,508 INFO o.a.j.s.FileServer: Set new base='C:\Users\he_an\Documents\qa-bootcamp-portfolio\04-performance-jmeter'
2026-03-21 17:18:22,998 INFO o.a.j.g.a.Load: Loading file: C:\Users\he_an\Documents\qa-bootcamp-portfolio\04-performance-jmeter\Usuarios Concurrentes.jmx
2026-03-21 17:18:22,998 INFO o.a.j.s.FileServer: Set new base='C:\Users\he_an\Documents\qa-bootcamp-portfolio\04-performance-jmeter'
2026-03-21 17:18:22,998 INFO o.a.j.s.SaveService: Loading file: C:\Users\he_an\Documents\qa-bootcamp-portfolio\04-performance-jmeter\Usuarios Concurrentes.jmx
2026-03-21 17:18:23,192 INFO o.a.j.s.FileServer: Set new base='C:\Users\he_an\Documents\qa-bootcamp-portfolio\04-performance-jmeter'
2026-03-21 17:18:30,064 INFO o.a.j.g.a.Load: Loading file: C:\Users\he_an\Documents\qa-bootcamp-portfolio\04-performance-jmeter\jsonplaceholder-load-test.jmx
2026-03-21 17:18:30,064 INFO o.a.j.s.FileServer: Set new base='C:\Users\he_an\Documents\qa-bootcamp-portfolio\04-performance-jmeter'
2026-03-21 17:18:30,064 INFO o.a.j.s.SaveService: Loading file: C:\Users\he_an\Documents\qa-bootcamp-portfolio\04-performance-jmeter\jsonplaceholder-load-test.jmx
2026-03-21 17:18:30,219 INFO o.a.j.s.FileServer: Set new base='C:\Users\he_an\Documents\qa-bootcamp-portfolio\04-performance-jmeter'
